{"c:\\vsts-rm-extensions\\Extensions\\ArtifactEngine\\EngineTests\\artifactEngineTests.js":{"path":"c:\\vsts-rm-extensions\\Extensions\\ArtifactEngine\\EngineTests\\artifactEngineTests.js","statementMap":{"0":{"start":{"line":2,"column":16},"end":{"line":9,"column":1}},"1":{"start":{"line":3,"column":4},"end":{"line":8,"column":7}},"2":{"start":{"line":4,"column":36},"end":{"line":4,"column":97}},"3":{"start":{"line":4,"column":42},"end":{"line":4,"column":70}},"4":{"start":{"line":4,"column":85},"end":{"line":4,"column":95}},"5":{"start":{"line":5,"column":35},"end":{"line":5,"column":97}},"6":{"start":{"line":5,"column":41},"end":{"line":5,"column":70}},"7":{"start":{"line":5,"column":85},"end":{"line":5,"column":95}},"8":{"start":{"line":6,"column":32},"end":{"line":6,"column":149}},"9":{"start":{"line":6,"column":97},"end":{"line":6,"column":119}},"10":{"start":{"line":7,"column":8},"end":{"line":7,"column":72}},"11":{"start":{"line":10,"column":11},"end":{"line":10,"column":26}},"12":{"start":{"line":11,"column":13},"end":{"line":11,"column":30}},"13":{"start":{"line":12,"column":12},"end":{"line":12,"column":28}},"14":{"start":{"line":13,"column":14},"end":{"line":13,"column":32}},"15":{"start":{"line":14,"column":0},"end":{"line":17,"column":3}},"16":{"start":{"line":18,"column":0},"end":{"line":25,"column":3}},"17":{"start":{"line":20,"column":27},"end":{"line":20,"column":44}},"18":{"start":{"line":21,"column":8},"end":{"line":21,"column":40}},"19":{"start":{"line":22,"column":8},"end":{"line":22,"column":28}},"20":{"start":{"line":24,"column":22},"end":{"line":24,"column":26}},"21":{"start":{"line":26,"column":15},"end":{"line":26,"column":32}},"22":{"start":{"line":27,"column":15},"end":{"line":27,"column":35}},"23":{"start":{"line":28,"column":18},"end":{"line":28,"column":41}},"24":{"start":{"line":29,"column":0},"end":{"line":57,"column":3}},"25":{"start":{"line":30,"column":4},"end":{"line":34,"column":8}},"26":{"start":{"line":30,"column":84},"end":{"line":34,"column":6}},"27":{"start":{"line":31,"column":27},"end":{"line":31,"column":55}},"28":{"start":{"line":32,"column":8},"end":{"line":32,"column":119}},"29":{"start":{"line":33,"column":8},"end":{"line":33,"column":130}},"30":{"start":{"line":35,"column":4},"end":{"line":39,"column":8}},"31":{"start":{"line":35,"column":67},"end":{"line":39,"column":6}},"32":{"start":{"line":36,"column":27},"end":{"line":36,"column":55}},"33":{"start":{"line":37,"column":8},"end":{"line":37,"column":119}},"34":{"start":{"line":38,"column":8},"end":{"line":38,"column":65}},"35":{"start":{"line":40,"column":4},"end":{"line":44,"column":8}},"36":{"start":{"line":40,"column":83},"end":{"line":44,"column":6}},"37":{"start":{"line":41,"column":27},"end":{"line":41,"column":55}},"38":{"start":{"line":42,"column":8},"end":{"line":42,"column":119}},"39":{"start":{"line":43,"column":8},"end":{"line":43,"column":66}},"40":{"start":{"line":45,"column":4},"end":{"line":51,"column":8}},"41":{"start":{"line":45,"column":94},"end":{"line":51,"column":6}},"42":{"start":{"line":46,"column":27},"end":{"line":46,"column":55}},"43":{"start":{"line":47,"column":30},"end":{"line":47,"column":64}},"44":{"start":{"line":48,"column":8},"end":{"line":48,"column":59}},"45":{"start":{"line":49,"column":8},"end":{"line":49,"column":100}},"46":{"start":{"line":50,"column":8},"end":{"line":50,"column":65}},"47":{"start":{"line":52,"column":4},"end":{"line":56,"column":8}},"48":{"start":{"line":52,"column":53},"end":{"line":56,"column":6}},"49":{"start":{"line":53,"column":27},"end":{"line":53,"column":55}},"50":{"start":{"line":54,"column":20},"end":{"line":54,"column":130}},"51":{"start":{"line":55,"column":8},"end":{"line":55,"column":38}}},"fnMap":{"0":{"name":"(anonymous_0)","decl":{"start":{"line":2,"column":44},"end":{"line":2,"column":45}},"loc":{"start":{"line":2,"column":89},"end":{"line":9,"column":1}},"line":2},"1":{"name":"(anonymous_1)","decl":{"start":{"line":3,"column":36},"end":{"line":3,"column":37}},"loc":{"start":{"line":3,"column":63},"end":{"line":8,"column":5}},"line":3},"2":{"name":"fulfilled","decl":{"start":{"line":4,"column":17},"end":{"line":4,"column":26}},"loc":{"start":{"line":4,"column":34},"end":{"line":4,"column":99}},"line":4},"3":{"name":"rejected","decl":{"start":{"line":5,"column":17},"end":{"line":5,"column":25}},"loc":{"start":{"line":5,"column":33},"end":{"line":5,"column":99}},"line":5},"4":{"name":"step","decl":{"start":{"line":6,"column":17},"end":{"line":6,"column":21}},"loc":{"start":{"line":6,"column":30},"end":{"line":6,"column":151}},"line":6},"5":{"name":"(anonymous_5)","decl":{"start":{"line":6,"column":76},"end":{"line":6,"column":77}},"loc":{"start":{"line":6,"column":95},"end":{"line":6,"column":121}},"line":6},"6":{"name":"(anonymous_6)","decl":{"start":{"line":19,"column":23},"end":{"line":19,"column":24}},"loc":{"start":{"line":19,"column":30},"end":{"line":23,"column":5}},"line":19},"7":{"name":"(anonymous_7)","decl":{"start":{"line":21,"column":30},"end":{"line":21,"column":31}},"loc":{"start":{"line":21,"column":36},"end":{"line":21,"column":39}},"line":21},"8":{"name":"(anonymous_8)","decl":{"start":{"line":24,"column":16},"end":{"line":24,"column":17}},"loc":{"start":{"line":24,"column":22},"end":{"line":24,"column":26}},"line":24},"9":{"name":"(anonymous_9)","decl":{"start":{"line":29,"column":40},"end":{"line":29,"column":41}},"loc":{"start":{"line":29,"column":46},"end":{"line":57,"column":1}},"line":29},"10":{"name":"(anonymous_10)","decl":{"start":{"line":30,"column":78},"end":{"line":30,"column":79}},"loc":{"start":{"line":30,"column":84},"end":{"line":34,"column":6}},"line":30},"11":{"name":"(anonymous_11)","decl":{"start":{"line":30,"column":116},"end":{"line":30,"column":117}},"loc":{"start":{"line":30,"column":129},"end":{"line":34,"column":5}},"line":30},"12":{"name":"(anonymous_12)","decl":{"start":{"line":35,"column":61},"end":{"line":35,"column":62}},"loc":{"start":{"line":35,"column":67},"end":{"line":39,"column":6}},"line":35},"13":{"name":"(anonymous_13)","decl":{"start":{"line":35,"column":99},"end":{"line":35,"column":100}},"loc":{"start":{"line":35,"column":112},"end":{"line":39,"column":5}},"line":35},"14":{"name":"(anonymous_14)","decl":{"start":{"line":40,"column":77},"end":{"line":40,"column":78}},"loc":{"start":{"line":40,"column":83},"end":{"line":44,"column":6}},"line":40},"15":{"name":"(anonymous_15)","decl":{"start":{"line":40,"column":115},"end":{"line":40,"column":116}},"loc":{"start":{"line":40,"column":128},"end":{"line":44,"column":5}},"line":40},"16":{"name":"(anonymous_16)","decl":{"start":{"line":45,"column":88},"end":{"line":45,"column":89}},"loc":{"start":{"line":45,"column":94},"end":{"line":51,"column":6}},"line":45},"17":{"name":"(anonymous_17)","decl":{"start":{"line":45,"column":126},"end":{"line":45,"column":127}},"loc":{"start":{"line":45,"column":139},"end":{"line":51,"column":5}},"line":45},"18":{"name":"(anonymous_18)","decl":{"start":{"line":52,"column":47},"end":{"line":52,"column":48}},"loc":{"start":{"line":52,"column":53},"end":{"line":56,"column":6}},"line":52},"19":{"name":"(anonymous_19)","decl":{"start":{"line":52,"column":85},"end":{"line":52,"column":86}},"loc":{"start":{"line":52,"column":98},"end":{"line":56,"column":5}},"line":52}},"branchMap":{"0":{"loc":{"start":{"line":2,"column":16},"end":{"line":9,"column":1}},"type":"binary-expr","locations":[{"start":{"line":2,"column":17},"end":{"line":2,"column":21}},{"start":{"line":2,"column":25},"end":{"line":2,"column":39}},{"start":{"line":2,"column":44},"end":{"line":9,"column":1}}],"line":2},"1":{"loc":{"start":{"line":3,"column":16},"end":{"line":3,"column":34}},"type":"binary-expr","locations":[{"start":{"line":3,"column":16},"end":{"line":3,"column":17}},{"start":{"line":3,"column":22},"end":{"line":3,"column":33}}],"line":3},"2":{"loc":{"start":{"line":6,"column":32},"end":{"line":6,"column":148}},"type":"cond-expr","locations":[{"start":{"line":6,"column":46},"end":{"line":6,"column":67}},{"start":{"line":6,"column":70},"end":{"line":6,"column":148}}],"line":6}},"s":{"0":1,"1":5,"2":5,"3":5,"4":0,"5":0,"6":0,"7":0,"8":10,"9":5,"10":5,"11":1,"12":1,"13":1,"14":1,"15":1,"16":1,"17":2,"18":2,"19":2,"20":2,"21":1,"22":1,"23":1,"24":1,"25":1,"26":1,"27":1,"28":1,"29":1,"30":1,"31":1,"32":1,"33":1,"34":1,"35":1,"36":1,"37":1,"38":1,"39":1,"40":1,"41":1,"42":1,"43":1,"44":1,"45":1,"46":1,"47":1,"48":1,"49":1,"50":1,"51":1},"f":{"0":5,"1":5,"2":5,"3":0,"4":10,"5":5,"6":2,"7":2,"8":2,"9":1,"10":1,"11":1,"12":1,"13":1,"14":1,"15":1,"16":1,"17":1,"18":1,"19":1},"b":{"0":[1,1,1],"1":[5,5],"2":[5,5]},"_coverageSchema":"332fd63041d2c1bcb487cc26dd0d5f7d97098a6c","hash":"3be20c5e2a4ebceeb20b7aa55a43ab13665e58a2","contentHash":"d3242532fece9d8ac82795d4b4db4e2a_11.2.1"},"c:\\vsts-rm-extensions\\Extensions\\ArtifactEngine\\Engine\\index.js":{"path":"c:\\vsts-rm-extensions\\Extensions\\ArtifactEngine\\Engine\\index.js","statementMap":{"0":{"start":{"line":2,"column":30},"end":{"line":2,"column":64}},"1":{"start":{"line":3,"column":0},"end":{"line":3,"column":78}},"2":{"start":{"line":4,"column":23},"end":{"line":4,"column":50}},"3":{"start":{"line":5,"column":0},"end":{"line":5,"column":57}}},"fnMap":{},"branchMap":{},"s":{"0":1,"1":1,"2":1,"3":1},"f":{},"b":{},"_coverageSchema":"332fd63041d2c1bcb487cc26dd0d5f7d97098a6c","hash":"d6375636192778841b67dd52f962f066412b940c","contentHash":"daa30aa0dfdc2f232d484253ed098eb7_11.2.1"},"c:\\vsts-rm-extensions\\Extensions\\ArtifactEngine\\Engine\\artifactEngineOptions.js":{"path":"c:\\vsts-rm-extensions\\Extensions\\ArtifactEngine\\Engine\\artifactEngineOptions.js","statementMap":{"0":{"start":{"line":4,"column":8},"end":{"line":4,"column":28}},"1":{"start":{"line":5,"column":8},"end":{"line":5,"column":40}},"2":{"start":{"line":6,"column":8},"end":{"line":6,"column":48}},"3":{"start":{"line":7,"column":8},"end":{"line":7,"column":41}},"4":{"start":{"line":8,"column":8},"end":{"line":8,"column":32}},"5":{"start":{"line":9,"column":8},"end":{"line":9,"column":29}},"6":{"start":{"line":12,"column":0},"end":{"line":12,"column":54}}},"fnMap":{"0":{"name":"(anonymous_0)","decl":{"start":{"line":3,"column":4},"end":{"line":3,"column":5}},"loc":{"start":{"line":3,"column":18},"end":{"line":10,"column":5}},"line":3}},"branchMap":{},"s":{"0":5,"1":5,"2":5,"3":5,"4":5,"5":5,"6":1},"f":{"0":5},"b":{},"_coverageSchema":"332fd63041d2c1bcb487cc26dd0d5f7d97098a6c","hash":"9f6a0090ea0c2999ba695d0f1ff4d66e2f89eee2","contentHash":"9509e7b03b61b955465ad3b39b5105c2_11.2.1"},"c:\\vsts-rm-extensions\\Extensions\\ArtifactEngine\\Engine\\artifactEngine.js":{"path":"c:\\vsts-rm-extensions\\Extensions\\ArtifactEngine\\Engine\\artifactEngine.js","statementMap":{"0":{"start":{"line":2,"column":16},"end":{"line":9,"column":1}},"1":{"start":{"line":3,"column":4},"end":{"line":8,"column":7}},"2":{"start":{"line":4,"column":36},"end":{"line":4,"column":97}},"3":{"start":{"line":4,"column":42},"end":{"line":4,"column":70}},"4":{"start":{"line":4,"column":85},"end":{"line":4,"column":95}},"5":{"start":{"line":5,"column":35},"end":{"line":5,"column":97}},"6":{"start":{"line":5,"column":41},"end":{"line":5,"column":70}},"7":{"start":{"line":5,"column":85},"end":{"line":5,"column":95}},"8":{"start":{"line":6,"column":32},"end":{"line":6,"column":149}},"9":{"start":{"line":6,"column":97},"end":{"line":6,"column":119}},"10":{"start":{"line":7,"column":8},"end":{"line":7,"column":72}},"11":{"start":{"line":10,"column":13},"end":{"line":10,"column":28}},"12":{"start":{"line":11,"column":16},"end":{"line":11,"column":36}},"13":{"start":{"line":12,"column":15},"end":{"line":12,"column":35}},"14":{"start":{"line":13,"column":28},"end":{"line":13,"column":65}},"15":{"start":{"line":14,"column":32},"end":{"line":14,"column":66}},"16":{"start":{"line":15,"column":17},"end":{"line":15,"column":36}},"17":{"start":{"line":16,"column":17},"end":{"line":16,"column":36}},"18":{"start":{"line":19,"column":8},"end":{"line":19,"column":77}},"19":{"start":{"line":22,"column":8},"end":{"line":38,"column":11}},"20":{"start":{"line":23,"column":31},"end":{"line":23,"column":33}},"21":{"start":{"line":24,"column":12},"end":{"line":24,"column":113}},"22":{"start":{"line":25,"column":12},"end":{"line":25,"column":43}},"23":{"start":{"line":26,"column":12},"end":{"line":26,"column":68}},"24":{"start":{"line":27,"column":12},"end":{"line":27,"column":70}},"25":{"start":{"line":28,"column":12},"end":{"line":28,"column":38}},"26":{"start":{"line":29,"column":32},"end":{"line":29,"column":67}},"27":{"start":{"line":30,"column":12},"end":{"line":30,"column":57}},"28":{"start":{"line":31,"column":12},"end":{"line":34,"column":13}},"29":{"start":{"line":32,"column":29},"end":{"line":32,"column":257}},"30":{"start":{"line":32,"column":64},"end":{"line":32,"column":147}},"31":{"start":{"line":32,"column":155},"end":{"line":32,"column":200}},"32":{"start":{"line":32,"column":208},"end":{"line":32,"column":256}},"33":{"start":{"line":33,"column":16},"end":{"line":33,"column":47}},"34":{"start":{"line":35,"column":12},"end":{"line":35,"column":42}},"35":{"start":{"line":36,"column":12},"end":{"line":36,"column":37}},"36":{"start":{"line":37,"column":12},"end":{"line":37,"column":55}},"37":{"start":{"line":41,"column":8},"end":{"line":43,"column":12}},"38":{"start":{"line":41,"column":64},"end":{"line":43,"column":10}},"39":{"start":{"line":42,"column":12},"end":{"line":42,"column":143}},"40":{"start":{"line":46,"column":8},"end":{"line":89,"column":11}},"41":{"start":{"line":47,"column":12},"end":{"line":88,"column":13}},"42":{"start":{"line":48,"column":16},"end":{"line":48,"column":57}},"43":{"start":{"line":49,"column":16},"end":{"line":76,"column":17}},"44":{"start":{"line":50,"column":20},"end":{"line":62,"column":21}},"45":{"start":{"line":51,"column":24},"end":{"line":51,"column":75}},"46":{"start":{"line":52,"column":46},"end":{"line":52,"column":88}},"47":{"start":{"line":53,"column":24},"end":{"line":53,"column":94}},"48":{"start":{"line":54,"column":24},"end":{"line":54,"column":80}},"49":{"start":{"line":55,"column":24},"end":{"line":55,"column":95}},"50":{"start":{"line":56,"column":24},"end":{"line":56,"column":34}},"51":{"start":{"line":59,"column":24},"end":{"line":59,"column":88}},"52":{"start":{"line":60,"column":24},"end":{"line":60,"column":93}},"53":{"start":{"line":61,"column":24},"end":{"line":61,"column":34}},"54":{"start":{"line":65,"column":32},"end":{"line":65,"column":75}},"55":{"start":{"line":66,"column":20},"end":{"line":71,"column":23}},"56":{"start":{"line":67,"column":24},"end":{"line":69,"column":25}},"57":{"start":{"line":68,"column":28},"end":{"line":68,"column":74}},"58":{"start":{"line":70,"column":24},"end":{"line":70,"column":37}},"59":{"start":{"line":72,"column":20},"end":{"line":72,"column":59}},"60":{"start":{"line":73,"column":20},"end":{"line":73,"column":91}},"61":{"start":{"line":74,"column":20},"end":{"line":74,"column":93}},"62":{"start":{"line":75,"column":20},"end":{"line":75,"column":30}},"63":{"start":{"line":79,"column":16},"end":{"line":79,"column":91}},"64":{"start":{"line":80,"column":16},"end":{"line":87,"column":17}},"65":{"start":{"line":81,"column":20},"end":{"line":81,"column":88}},"66":{"start":{"line":82,"column":20},"end":{"line":82,"column":32}},"67":{"start":{"line":85,"column":20},"end":{"line":86,"column":205}},"68":{"start":{"line":85,"column":37},"end":{"line":86,"column":150}},"69":{"start":{"line":92,"column":0},"end":{"line":92,"column":40}},"70":{"start":{"line":93,"column":0},"end":{"line":96,"column":3}},"71":{"start":{"line":94,"column":4},"end":{"line":94,"column":26}},"72":{"start":{"line":95,"column":4},"end":{"line":95,"column":17}}},"fnMap":{"0":{"name":"(anonymous_0)","decl":{"start":{"line":2,"column":44},"end":{"line":2,"column":45}},"loc":{"start":{"line":2,"column":89},"end":{"line":9,"column":1}},"line":2},"1":{"name":"(anonymous_1)","decl":{"start":{"line":3,"column":36},"end":{"line":3,"column":37}},"loc":{"start":{"line":3,"column":63},"end":{"line":8,"column":5}},"line":3},"2":{"name":"fulfilled","decl":{"start":{"line":4,"column":17},"end":{"line":4,"column":26}},"loc":{"start":{"line":4,"column":34},"end":{"line":4,"column":99}},"line":4},"3":{"name":"rejected","decl":{"start":{"line":5,"column":17},"end":{"line":5,"column":25}},"loc":{"start":{"line":5,"column":33},"end":{"line":5,"column":99}},"line":5},"4":{"name":"step","decl":{"start":{"line":6,"column":17},"end":{"line":6,"column":21}},"loc":{"start":{"line":6,"column":30},"end":{"line":6,"column":151}},"line":6},"5":{"name":"(anonymous_5)","decl":{"start":{"line":6,"column":76},"end":{"line":6,"column":77}},"loc":{"start":{"line":6,"column":95},"end":{"line":6,"column":121}},"line":6},"6":{"name":"(anonymous_6)","decl":{"start":{"line":18,"column":4},"end":{"line":18,"column":5}},"loc":{"start":{"line":18,"column":18},"end":{"line":20,"column":5}},"line":18},"7":{"name":"(anonymous_7)","decl":{"start":{"line":21,"column":4},"end":{"line":21,"column":5}},"loc":{"start":{"line":21,"column":70},"end":{"line":39,"column":5}},"line":21},"8":{"name":"(anonymous_8)","decl":{"start":{"line":22,"column":48},"end":{"line":22,"column":49}},"loc":{"start":{"line":22,"column":61},"end":{"line":38,"column":9}},"line":22},"9":{"name":"(anonymous_9)","decl":{"start":{"line":32,"column":56},"end":{"line":32,"column":57}},"loc":{"start":{"line":32,"column":64},"end":{"line":32,"column":147}},"line":32},"10":{"name":"(anonymous_10)","decl":{"start":{"line":32,"column":149},"end":{"line":32,"column":150}},"loc":{"start":{"line":32,"column":155},"end":{"line":32,"column":200}},"line":32},"11":{"name":"(anonymous_11)","decl":{"start":{"line":32,"column":202},"end":{"line":32,"column":203}},"loc":{"start":{"line":32,"column":208},"end":{"line":32,"column":256}},"line":32},"12":{"name":"(anonymous_12)","decl":{"start":{"line":40,"column":4},"end":{"line":40,"column":5}},"loc":{"start":{"line":40,"column":83},"end":{"line":44,"column":5}},"line":40},"13":{"name":"(anonymous_13)","decl":{"start":{"line":41,"column":27},"end":{"line":41,"column":28}},"loc":{"start":{"line":41,"column":64},"end":{"line":43,"column":10}},"line":41},"14":{"name":"(anonymous_14)","decl":{"start":{"line":41,"column":96},"end":{"line":41,"column":97}},"loc":{"start":{"line":41,"column":109},"end":{"line":43,"column":9}},"line":41},"15":{"name":"(anonymous_15)","decl":{"start":{"line":45,"column":4},"end":{"line":45,"column":5}},"loc":{"start":{"line":45,"column":126},"end":{"line":90,"column":5}},"line":45},"16":{"name":"(anonymous_16)","decl":{"start":{"line":46,"column":47},"end":{"line":46,"column":48}},"loc":{"start":{"line":46,"column":60},"end":{"line":89,"column":9}},"line":46},"17":{"name":"(anonymous_17)","decl":{"start":{"line":66,"column":38},"end":{"line":66,"column":39}},"loc":{"start":{"line":66,"column":56},"end":{"line":71,"column":21}},"line":66},"18":{"name":"(anonymous_18)","decl":{"start":{"line":85,"column":31},"end":{"line":85,"column":32}},"loc":{"start":{"line":85,"column":37},"end":{"line":86,"column":150}},"line":85},"19":{"name":"(anonymous_19)","decl":{"start":{"line":93,"column":33},"end":{"line":93,"column":34}},"loc":{"start":{"line":93,"column":54},"end":{"line":96,"column":1}},"line":93}},"branchMap":{"0":{"loc":{"start":{"line":2,"column":16},"end":{"line":9,"column":1}},"type":"binary-expr","locations":[{"start":{"line":2,"column":17},"end":{"line":2,"column":21}},{"start":{"line":2,"column":25},"end":{"line":2,"column":39}},{"start":{"line":2,"column":44},"end":{"line":9,"column":1}}],"line":2},"1":{"loc":{"start":{"line":3,"column":16},"end":{"line":3,"column":34}},"type":"binary-expr","locations":[{"start":{"line":3,"column":16},"end":{"line":3,"column":17}},{"start":{"line":3,"column":22},"end":{"line":3,"column":33}}],"line":3},"2":{"loc":{"start":{"line":6,"column":32},"end":{"line":6,"column":148}},"type":"cond-expr","locations":[{"start":{"line":6,"column":46},"end":{"line":6,"column":67}},{"start":{"line":6,"column":70},"end":{"line":6,"column":148}}],"line":6},"3":{"loc":{"start":{"line":24,"column":36},"end":{"line":24,"column":112}},"type":"binary-expr","locations":[{"start":{"line":24,"column":36},"end":{"line":24,"column":57}},{"start":{"line":24,"column":61},"end":{"line":24,"column":112}}],"line":24},"4":{"loc":{"start":{"line":48,"column":29},"end":{"line":48,"column":56}},"type":"cond-expr","locations":[{"start":{"line":48,"column":42},"end":{"line":48,"column":52}},{"start":{"line":48,"column":55},"end":{"line":48,"column":56}}],"line":48},"5":{"loc":{"start":{"line":49,"column":16},"end":{"line":76,"column":17}},"type":"if","locations":[{"start":{"line":49,"column":16},"end":{"line":76,"column":17}},{"start":{"line":49,"column":16},"end":{"line":76,"column":17}}],"line":49},"6":{"loc":{"start":{"line":50,"column":20},"end":{"line":62,"column":21}},"type":"if","locations":[{"start":{"line":50,"column":20},"end":{"line":62,"column":21}},{"start":{"line":50,"column":20},"end":{"line":62,"column":21}}],"line":50},"7":{"loc":{"start":{"line":67,"column":24},"end":{"line":69,"column":25}},"type":"if","locations":[{"start":{"line":67,"column":24},"end":{"line":69,"column":25}},{"start":{"line":67,"column":24},"end":{"line":69,"column":25}}],"line":67},"8":{"loc":{"start":{"line":80,"column":16},"end":{"line":87,"column":17}},"type":"if","locations":[{"start":{"line":80,"column":16},"end":{"line":87,"column":17}},{"start":{"line":80,"column":16},"end":{"line":87,"column":17}}],"line":80}},"s":{"0":1,"1":65,"2":56,"3":56,"4":0,"5":0,"6":0,"7":0,"8":121,"9":56,"10":65,"11":1,"12":1,"13":1,"14":1,"15":1,"16":1,"17":1,"18":5,"19":5,"20":5,"21":5,"22":5,"23":5,"24":5,"25":5,"26":5,"27":5,"28":5,"29":20,"30":30,"31":65,"32":35,"33":20,"34":5,"35":5,"36":5,"37":30,"38":30,"39":30,"40":30,"41":30,"42":30,"43":30,"44":20,"45":18,"46":18,"47":18,"48":18,"49":18,"50":18,"51":2,"52":2,"53":2,"54":10,"55":10,"56":5,"57":0,"58":5,"59":10,"60":10,"61":10,"62":10,"63":0,"64":0,"65":0,"66":0,"67":0,"68":0,"69":1,"70":1,"71":2,"72":2},"f":{"0":65,"1":65,"2":56,"3":0,"4":121,"5":56,"6":5,"7":5,"8":5,"9":30,"10":65,"11":35,"12":30,"13":30,"14":30,"15":30,"16":30,"17":5,"18":0,"19":2},"b":{"0":[1,1,1],"1":[65,60],"2":[65,56],"3":[5,0],"4":[0,30],"5":[20,10],"6":[18,2],"7":[0,5],"8":[0,0]},"_coverageSchema":"332fd63041d2c1bcb487cc26dd0d5f7d97098a6c","hash":"1d50d99718d93837edcedb8f5e898c99b9f6f4b2","contentHash":"947fc9f1cbc45ea3ea2bea29da347d07_11.2.1"},"c:\\vsts-rm-extensions\\Extensions\\ArtifactEngine\\Models\\index.js":{"path":"c:\\vsts-rm-extensions\\Extensions\\ArtifactEngine\\Models\\index.js","statementMap":{"0":{"start":{"line":2,"column":31},"end":{"line":2,"column":66}},"1":{"start":{"line":3,"column":0},"end":{"line":3,"column":81}},"2":{"start":{"line":4,"column":21},"end":{"line":4,"column":46}},"3":{"start":{"line":5,"column":0},"end":{"line":5,"column":51}},"4":{"start":{"line":6,"column":17},"end":{"line":6,"column":38}},"5":{"start":{"line":7,"column":0},"end":{"line":7,"column":39}},"6":{"start":{"line":8,"column":20},"end":{"line":8,"column":44}},"7":{"start":{"line":9,"column":0},"end":{"line":9,"column":48}},"8":{"start":{"line":10,"column":18},"end":{"line":10,"column":40}},"9":{"start":{"line":11,"column":0},"end":{"line":11,"column":42}}},"fnMap":{},"branchMap":{},"s":{"0":1,"1":1,"2":1,"3":1,"4":1,"5":1,"6":1,"7":1,"8":1,"9":1},"f":{},"b":{},"_coverageSchema":"332fd63041d2c1bcb487cc26dd0d5f7d97098a6c","hash":"af7ad95ff2832a9c561d5ec14cc289cf54ee3786","contentHash":"9b61b2d666a149668d0ae17f418021cb_11.2.1"},"c:\\vsts-rm-extensions\\Extensions\\ArtifactEngine\\Models\\artifactDownloadTicket.js":{"path":"c:\\vsts-rm-extensions\\Extensions\\ArtifactEngine\\Models\\artifactDownloadTicket.js","statementMap":{"0":{"start":{"line":4,"column":0},"end":{"line":4,"column":56}}},"fnMap":{},"branchMap":{},"s":{"0":1},"f":{},"b":{},"_coverageSchema":"332fd63041d2c1bcb487cc26dd0d5f7d97098a6c","hash":"8e6bf229e24e772ea67bb1cc3bea4341b25fad87","contentHash":"24d0647112cd37c187be3209f9c820e6_11.2.1"},"c:\\vsts-rm-extensions\\Extensions\\ArtifactEngine\\Models\\artifactItem.js":{"path":"c:\\vsts-rm-extensions\\Extensions\\ArtifactEngine\\Models\\artifactItem.js","statementMap":{"0":{"start":{"line":4,"column":8},"end":{"line":4,"column":27}},"1":{"start":{"line":7,"column":0},"end":{"line":7,"column":36}}},"fnMap":{"0":{"name":"(anonymous_0)","decl":{"start":{"line":3,"column":4},"end":{"line":3,"column":5}},"loc":{"start":{"line":3,"column":18},"end":{"line":5,"column":5}},"line":3}},"branchMap":{},"s":{"0":51,"1":1},"f":{"0":51},"b":{},"_coverageSchema":"332fd63041d2c1bcb487cc26dd0d5f7d97098a6c","hash":"25b4e333f0f4f34f2a17d8e09e525039307dd5e2","contentHash":"3af77de6a79fa8f2625f9c0a56798eb3_11.2.1"},"c:\\vsts-rm-extensions\\Extensions\\ArtifactEngine\\Models\\itemType.js":{"path":"c:\\vsts-rm-extensions\\Extensions\\ArtifactEngine\\Models\\itemType.js","statementMap":{"0":{"start":{"line":2,"column":0},"end":{"line":6,"column":48}},"1":{"start":{"line":3,"column":4},"end":{"line":3,"column":46}},"2":{"start":{"line":4,"column":4},"end":{"line":4,"column":55}},"3":{"start":{"line":5,"column":4},"end":{"line":5,"column":49}},"4":{"start":{"line":7,"column":15},"end":{"line":7,"column":31}}},"fnMap":{"0":{"name":"(anonymous_0)","decl":{"start":{"line":2,"column":1},"end":{"line":2,"column":2}},"loc":{"start":{"line":2,"column":21},"end":{"line":6,"column":1}},"line":2}},"branchMap":{"0":{"loc":{"start":{"line":6,"column":3},"end":{"line":6,"column":46}},"type":"binary-expr","locations":[{"start":{"line":6,"column":3},"end":{"line":6,"column":19}},{"start":{"line":6,"column":24},"end":{"line":6,"column":45}}],"line":6}},"s":{"0":1,"1":1,"2":1,"3":1,"4":1},"f":{"0":1},"b":{"0":[1,1]},"_coverageSchema":"332fd63041d2c1bcb487cc26dd0d5f7d97098a6c","hash":"524f195cdb434fce9ae047e30e09fcf6de5b6c04","contentHash":"d2ff7fbd2f30de6061e83b0e8135a7cd_11.2.1"},"c:\\vsts-rm-extensions\\Extensions\\ArtifactEngine\\Models\\ticketState.js":{"path":"c:\\vsts-rm-extensions\\Extensions\\ArtifactEngine\\Models\\ticketState.js","statementMap":{"0":{"start":{"line":2,"column":0},"end":{"line":8,"column":54}},"1":{"start":{"line":3,"column":4},"end":{"line":3,"column":64}},"2":{"start":{"line":4,"column":4},"end":{"line":4,"column":73}},"3":{"start":{"line":5,"column":4},"end":{"line":5,"column":70}},"4":{"start":{"line":6,"column":4},"end":{"line":6,"column":64}},"5":{"start":{"line":7,"column":4},"end":{"line":7,"column":61}},"6":{"start":{"line":9,"column":18},"end":{"line":9,"column":37}}},"fnMap":{"0":{"name":"(anonymous_0)","decl":{"start":{"line":2,"column":1},"end":{"line":2,"column":2}},"loc":{"start":{"line":2,"column":24},"end":{"line":8,"column":1}},"line":2}},"branchMap":{"0":{"loc":{"start":{"line":8,"column":3},"end":{"line":8,"column":52}},"type":"binary-expr","locations":[{"start":{"line":8,"column":3},"end":{"line":8,"column":22}},{"start":{"line":8,"column":27},"end":{"line":8,"column":51}}],"line":8}},"s":{"0":1,"1":1,"2":1,"3":1,"4":1,"5":1,"6":1},"f":{"0":1},"b":{"0":[1,1]},"_coverageSchema":"332fd63041d2c1bcb487cc26dd0d5f7d97098a6c","hash":"8dd92cca2cfce9f9005e4f5f468924866e601652","contentHash":"87510a2111b723395cd500b42074572b_11.2.1"},"c:\\vsts-rm-extensions\\Extensions\\ArtifactEngine\\Models\\constants.js":{"path":"c:\\vsts-rm-extensions\\Extensions\\ArtifactEngine\\Models\\constants.js","statementMap":{"0":{"start":{"line":4,"column":0},"end":{"line":4,"column":47}},"1":{"start":{"line":5,"column":0},"end":{"line":5,"column":30}}},"fnMap":{},"branchMap":{},"s":{"0":1,"1":1},"f":{},"b":{},"_coverageSchema":"332fd63041d2c1bcb487cc26dd0d5f7d97098a6c","hash":"f48543c77cd1ba5f1764b27bc04ff1f66608902d","contentHash":"1f3db5de8f53044085e7089302b28e39_11.2.1"},"c:\\vsts-rm-extensions\\Extensions\\ArtifactEngine\\Store\\artifactItemStore.js":{"path":"c:\\vsts-rm-extensions\\Extensions\\ArtifactEngine\\Store\\artifactItemStore.js","statementMap":{"0":{"start":{"line":2,"column":15},"end":{"line":2,"column":35}},"1":{"start":{"line":5,"column":8},"end":{"line":5,"column":35}},"2":{"start":{"line":8,"column":8},"end":{"line":10,"column":9}},"3":{"start":{"line":8,"column":44},"end":{"line":8,"column":77}},"4":{"start":{"line":9,"column":12},"end":{"line":9,"column":19}},"5":{"start":{"line":11,"column":37},"end":{"line":16,"column":9}},"6":{"start":{"line":17,"column":8},"end":{"line":17,"column":59}},"7":{"start":{"line":20,"column":8},"end":{"line":22,"column":11}},"8":{"start":{"line":21,"column":12},"end":{"line":21,"column":32}},"9":{"start":{"line":25,"column":8},"end":{"line":25,"column":37}},"10":{"start":{"line":28,"column":32},"end":{"line":28,"column":150}},"11":{"start":{"line":28,"column":66},"end":{"line":28,"column":149}},"12":{"start":{"line":29,"column":8},"end":{"line":29,"column":45}},"13":{"start":{"line":32,"column":32},"end":{"line":32,"column":103}},"14":{"start":{"line":32,"column":64},"end":{"line":32,"column":102}},"15":{"start":{"line":33,"column":8},"end":{"line":37,"column":9}},"16":{"start":{"line":34,"column":12},"end":{"line":34,"column":68}},"17":{"start":{"line":35,"column":12},"end":{"line":35,"column":53}},"18":{"start":{"line":36,"column":12},"end":{"line":36,"column":50}},"19":{"start":{"line":38,"column":8},"end":{"line":38,"column":25}},"20":{"start":{"line":41,"column":28},"end":{"line":41,"column":94}},"21":{"start":{"line":41,"column":60},"end":{"line":41,"column":93}},"22":{"start":{"line":42,"column":8},"end":{"line":47,"column":9}},"23":{"start":{"line":43,"column":12},"end":{"line":43,"column":40}},"24":{"start":{"line":44,"column":12},"end":{"line":46,"column":13}},"25":{"start":{"line":45,"column":16},"end":{"line":45,"column":54}},"26":{"start":{"line":50,"column":8},"end":{"line":50,"column":44}},"27":{"start":{"line":53,"column":8},"end":{"line":53,"column":35}},"28":{"start":{"line":56,"column":0},"end":{"line":56,"column":46}}},"fnMap":{"0":{"name":"(anonymous_0)","decl":{"start":{"line":4,"column":4},"end":{"line":4,"column":5}},"loc":{"start":{"line":4,"column":18},"end":{"line":6,"column":5}},"line":4},"1":{"name":"(anonymous_1)","decl":{"start":{"line":7,"column":4},"end":{"line":7,"column":5}},"loc":{"start":{"line":7,"column":18},"end":{"line":18,"column":5}},"line":7},"2":{"name":"(anonymous_2)","decl":{"start":{"line":8,"column":39},"end":{"line":8,"column":40}},"loc":{"start":{"line":8,"column":44},"end":{"line":8,"column":77}},"line":8},"3":{"name":"(anonymous_3)","decl":{"start":{"line":19,"column":4},"end":{"line":19,"column":5}},"loc":{"start":{"line":19,"column":20},"end":{"line":23,"column":5}},"line":19},"4":{"name":"(anonymous_4)","decl":{"start":{"line":20,"column":18},"end":{"line":20,"column":19}},"loc":{"start":{"line":20,"column":36},"end":{"line":22,"column":9}},"line":20},"5":{"name":"(anonymous_5)","decl":{"start":{"line":24,"column":4},"end":{"line":24,"column":5}},"loc":{"start":{"line":24,"column":17},"end":{"line":26,"column":5}},"line":24},"6":{"name":"(anonymous_6)","decl":{"start":{"line":27,"column":4},"end":{"line":27,"column":5}},"loc":{"start":{"line":27,"column":29},"end":{"line":30,"column":5}},"line":27},"7":{"name":"(anonymous_7)","decl":{"start":{"line":28,"column":61},"end":{"line":28,"column":62}},"loc":{"start":{"line":28,"column":66},"end":{"line":28,"column":149}},"line":28},"8":{"name":"(anonymous_8)","decl":{"start":{"line":31,"column":4},"end":{"line":31,"column":5}},"loc":{"start":{"line":31,"column":27},"end":{"line":39,"column":5}},"line":31},"9":{"name":"(anonymous_9)","decl":{"start":{"line":32,"column":59},"end":{"line":32,"column":60}},"loc":{"start":{"line":32,"column":64},"end":{"line":32,"column":102}},"line":32},"10":{"name":"(anonymous_10)","decl":{"start":{"line":40,"column":4},"end":{"line":40,"column":5}},"loc":{"start":{"line":40,"column":29},"end":{"line":48,"column":5}},"line":40},"11":{"name":"(anonymous_11)","decl":{"start":{"line":41,"column":55},"end":{"line":41,"column":56}},"loc":{"start":{"line":41,"column":60},"end":{"line":41,"column":93}},"line":41},"12":{"name":"(anonymous_12)","decl":{"start":{"line":49,"column":4},"end":{"line":49,"column":5}},"loc":{"start":{"line":49,"column":11},"end":{"line":51,"column":5}},"line":49},"13":{"name":"(anonymous_13)","decl":{"start":{"line":52,"column":4},"end":{"line":52,"column":5}},"loc":{"start":{"line":52,"column":12},"end":{"line":54,"column":5}},"line":52}},"branchMap":{"0":{"loc":{"start":{"line":8,"column":8},"end":{"line":10,"column":9}},"type":"if","locations":[{"start":{"line":8,"column":8},"end":{"line":10,"column":9}},{"start":{"line":8,"column":8},"end":{"line":10,"column":9}}],"line":8},"1":{"loc":{"start":{"line":28,"column":66},"end":{"line":28,"column":149}},"type":"binary-expr","locations":[{"start":{"line":28,"column":66},"end":{"line":28,"column":107}},{"start":{"line":28,"column":111},"end":{"line":28,"column":149}}],"line":28},"2":{"loc":{"start":{"line":33,"column":8},"end":{"line":37,"column":9}},"type":"if","locations":[{"start":{"line":33,"column":8},"end":{"line":37,"column":9}},{"start":{"line":33,"column":8},"end":{"line":37,"column":9}}],"line":33},"3":{"loc":{"start":{"line":42,"column":8},"end":{"line":47,"column":9}},"type":"if","locations":[{"start":{"line":42,"column":8},"end":{"line":47,"column":9}},{"start":{"line":42,"column":8},"end":{"line":47,"column":9}}],"line":42},"4":{"loc":{"start":{"line":44,"column":12},"end":{"line":46,"column":13}},"type":"if","locations":[{"start":{"line":44,"column":12},"end":{"line":46,"column":13}},{"start":{"line":44,"column":12},"end":{"line":46,"column":13}}],"line":44},"5":{"loc":{"start":{"line":44,"column":16},"end":{"line":44,"column":93}},"type":"binary-expr","locations":[{"start":{"line":44,"column":16},"end":{"line":44,"column":51}},{"start":{"line":44,"column":55},"end":{"line":44,"column":93}}],"line":44}},"s":{"0":1,"1":26,"2":52,"3":79,"4":2,"5":50,"6":50,"7":16,"8":32,"9":16,"10":41,"11":215,"12":41,"13":72,"14":320,"15":72,"16":34,"17":34,"18":34,"19":38,"20":42,"21":116,"22":42,"23":41,"24":41,"25":37,"26":4,"27":6,"28":1},"f":{"0":26,"1":52,"2":79,"3":16,"4":32,"5":16,"6":41,"7":215,"8":72,"9":320,"10":42,"11":116,"12":4,"13":6},"b":{"0":[2,50],"1":[215,187],"2":[34,38],"3":[41,1],"4":[37,4],"5":[41,39]},"_coverageSchema":"332fd63041d2c1bcb487cc26dd0d5f7d97098a6c","hash":"6fc223636b95713469be92a4775eca2279a262e0","contentHash":"42a295dbb7381818567a1c77fbe14efe_11.2.1"},"c:\\vsts-rm-extensions\\Extensions\\ArtifactEngine\\Engine\\logger.js":{"path":"c:\\vsts-rm-extensions\\Extensions\\ArtifactEngine\\Engine\\logger.js","statementMap":{"0":{"start":{"line":2,"column":16},"end":{"line":9,"column":1}},"1":{"start":{"line":3,"column":4},"end":{"line":8,"column":7}},"2":{"start":{"line":4,"column":36},"end":{"line":4,"column":97}},"3":{"start":{"line":4,"column":42},"end":{"line":4,"column":70}},"4":{"start":{"line":4,"column":85},"end":{"line":4,"column":95}},"5":{"start":{"line":5,"column":35},"end":{"line":5,"column":97}},"6":{"start":{"line":5,"column":41},"end":{"line":5,"column":70}},"7":{"start":{"line":5,"column":85},"end":{"line":5,"column":95}},"8":{"start":{"line":6,"column":32},"end":{"line":6,"column":149}},"9":{"start":{"line":6,"column":97},"end":{"line":6,"column":119}},"10":{"start":{"line":7,"column":8},"end":{"line":7,"column":72}},"11":{"start":{"line":10,"column":17},"end":{"line":10,"column":37}},"12":{"start":{"line":11,"column":22},"end":{"line":11,"column":54}},"13":{"start":{"line":14,"column":8},"end":{"line":14,"column":27}},"14":{"start":{"line":15,"column":8},"end":{"line":15,"column":36}},"15":{"start":{"line":18,"column":8},"end":{"line":20,"column":9}},"16":{"start":{"line":19,"column":12},"end":{"line":19,"column":34}},"17":{"start":{"line":23,"column":8},"end":{"line":23,"column":31}},"18":{"start":{"line":26,"column":8},"end":{"line":26,"column":29}},"19":{"start":{"line":29,"column":8},"end":{"line":50,"column":9}},"20":{"start":{"line":30,"column":33},"end":{"line":48,"column":24}},"21":{"start":{"line":30,"column":39},"end":{"line":48,"column":24}},"22":{"start":{"line":30,"column":86},"end":{"line":48,"column":21}},"23":{"start":{"line":31,"column":30},"end":{"line":31,"column":53}},"24":{"start":{"line":32,"column":34},"end":{"line":32,"column":99}},"25":{"start":{"line":32,"column":54},"end":{"line":32,"column":98}},"26":{"start":{"line":33,"column":38},"end":{"line":33,"column":106}},"27":{"start":{"line":33,"column":58},"end":{"line":33,"column":105}},"28":{"start":{"line":34,"column":37},"end":{"line":34,"column":104}},"29":{"start":{"line":34,"column":57},"end":{"line":34,"column":103}},"30":{"start":{"line":35,"column":35},"end":{"line":35,"column":100}},"31":{"start":{"line":35,"column":55},"end":{"line":35,"column":99}},"32":{"start":{"line":36,"column":34},"end":{"line":36,"column":98}},"33":{"start":{"line":36,"column":54},"end":{"line":36,"column":97}},"34":{"start":{"line":37,"column":34},"end":{"line":37,"column":44}},"35":{"start":{"line":38,"column":16},"end":{"line":44,"column":113}},"36":{"start":{"line":45,"column":16},"end":{"line":47,"column":17}},"37":{"start":{"line":46,"column":20},"end":{"line":46,"column":37}},"38":{"start":{"line":49,"column":12},"end":{"line":49,"column":29}},"39":{"start":{"line":53,"column":22},"end":{"line":53,"column":45}},"40":{"start":{"line":54,"column":8},"end":{"line":54,"column":89}},"41":{"start":{"line":54,"column":38},"end":{"line":54,"column":87}},"42":{"start":{"line":55,"column":28},"end":{"line":55,"column":190}},"43":{"start":{"line":55,"column":48},"end":{"line":55,"column":189}},"44":{"start":{"line":56,"column":29},"end":{"line":56,"column":96}},"45":{"start":{"line":56,"column":49},"end":{"line":56,"column":95}},"46":{"start":{"line":57,"column":27},"end":{"line":57,"column":92}},"47":{"start":{"line":57,"column":47},"end":{"line":57,"column":91}},"48":{"start":{"line":58,"column":26},"end":{"line":58,"column":90}},"49":{"start":{"line":58,"column":46},"end":{"line":58,"column":89}},"50":{"start":{"line":59,"column":22},"end":{"line":59,"column":32}},"51":{"start":{"line":60,"column":8},"end":{"line":64,"column":101}},"52":{"start":{"line":65,"column":8},"end":{"line":82,"column":9}},"53":{"start":{"line":66,"column":12},"end":{"line":66,"column":36}},"54":{"start":{"line":67,"column":30},"end":{"line":67,"column":80}},"55":{"start":{"line":67,"column":53},"end":{"line":67,"column":79}},"56":{"start":{"line":68,"column":32},"end":{"line":68,"column":78}},"57":{"start":{"line":68,"column":61},"end":{"line":68,"column":74}},"58":{"start":{"line":69,"column":29},"end":{"line":69,"column":64}},"59":{"start":{"line":70,"column":34},"end":{"line":70,"column":64}},"60":{"start":{"line":71,"column":35},"end":{"line":71,"column":66}},"61":{"start":{"line":72,"column":33},"end":{"line":72,"column":61}},"62":{"start":{"line":73,"column":30},"end":{"line":73,"column":55}},"63":{"start":{"line":74,"column":12},"end":{"line":74,"column":87}},"64":{"start":{"line":75,"column":12},"end":{"line":75,"column":124}},"65":{"start":{"line":76,"column":12},"end":{"line":76,"column":87}},"66":{"start":{"line":77,"column":12},"end":{"line":81,"column":15}},"67":{"start":{"line":78,"column":31},"end":{"line":78,"column":106}},"68":{"start":{"line":79,"column":16},"end":{"line":79,"column":318}},"69":{"start":{"line":80,"column":16},"end":{"line":80,"column":91}},"70":{"start":{"line":85,"column":16},"end":{"line":85,"column":61}},"71":{"start":{"line":86,"column":18},"end":{"line":86,"column":66}},"72":{"start":{"line":87,"column":25},"end":{"line":87,"column":40}},"73":{"start":{"line":88,"column":8},"end":{"line":88,"column":26}},"74":{"start":{"line":91,"column":0},"end":{"line":91,"column":24}}},"fnMap":{"0":{"name":"(anonymous_0)","decl":{"start":{"line":2,"column":44},"end":{"line":2,"column":45}},"loc":{"start":{"line":2,"column":89},"end":{"line":9,"column":1}},"line":2},"1":{"name":"(anonymous_1)","decl":{"start":{"line":3,"column":36},"end":{"line":3,"column":37}},"loc":{"start":{"line":3,"column":63},"end":{"line":8,"column":5}},"line":3},"2":{"name":"fulfilled","decl":{"start":{"line":4,"column":17},"end":{"line":4,"column":26}},"loc":{"start":{"line":4,"column":34},"end":{"line":4,"column":99}},"line":4},"3":{"name":"rejected","decl":{"start":{"line":5,"column":17},"end":{"line":5,"column":25}},"loc":{"start":{"line":5,"column":33},"end":{"line":5,"column":99}},"line":5},"4":{"name":"step","decl":{"start":{"line":6,"column":17},"end":{"line":6,"column":21}},"loc":{"start":{"line":6,"column":30},"end":{"line":6,"column":151}},"line":6},"5":{"name":"(anonymous_5)","decl":{"start":{"line":6,"column":76},"end":{"line":6,"column":77}},"loc":{"start":{"line":6,"column":95},"end":{"line":6,"column":121}},"line":6},"6":{"name":"(anonymous_6)","decl":{"start":{"line":13,"column":4},"end":{"line":13,"column":5}},"loc":{"start":{"line":13,"column":23},"end":{"line":16,"column":5}},"line":13},"7":{"name":"(anonymous_7)","decl":{"start":{"line":17,"column":4},"end":{"line":17,"column":5}},"loc":{"start":{"line":17,"column":28},"end":{"line":21,"column":5}},"line":17},"8":{"name":"(anonymous_8)","decl":{"start":{"line":22,"column":4},"end":{"line":22,"column":5}},"loc":{"start":{"line":22,"column":29},"end":{"line":24,"column":5}},"line":22},"9":{"name":"(anonymous_9)","decl":{"start":{"line":25,"column":4},"end":{"line":25,"column":5}},"loc":{"start":{"line":25,"column":31},"end":{"line":27,"column":5}},"line":25},"10":{"name":"(anonymous_10)","decl":{"start":{"line":28,"column":4},"end":{"line":28,"column":5}},"loc":{"start":{"line":28,"column":18},"end":{"line":51,"column":5}},"line":28},"11":{"name":"(anonymous_11)","decl":{"start":{"line":30,"column":33},"end":{"line":30,"column":34}},"loc":{"start":{"line":30,"column":39},"end":{"line":48,"column":24}},"line":30},"12":{"name":"(anonymous_12)","decl":{"start":{"line":30,"column":71},"end":{"line":30,"column":72}},"loc":{"start":{"line":30,"column":84},"end":{"line":48,"column":23}},"line":30},"13":{"name":"(anonymous_13)","decl":{"start":{"line":30,"column":104},"end":{"line":30,"column":105}},"loc":{"start":{"line":30,"column":110},"end":{"line":48,"column":13}},"line":30},"14":{"name":"(anonymous_14)","decl":{"start":{"line":32,"column":49},"end":{"line":32,"column":50}},"loc":{"start":{"line":32,"column":54},"end":{"line":32,"column":98}},"line":32},"15":{"name":"(anonymous_15)","decl":{"start":{"line":33,"column":53},"end":{"line":33,"column":54}},"loc":{"start":{"line":33,"column":58},"end":{"line":33,"column":105}},"line":33},"16":{"name":"(anonymous_16)","decl":{"start":{"line":34,"column":52},"end":{"line":34,"column":53}},"loc":{"start":{"line":34,"column":57},"end":{"line":34,"column":103}},"line":34},"17":{"name":"(anonymous_17)","decl":{"start":{"line":35,"column":50},"end":{"line":35,"column":51}},"loc":{"start":{"line":35,"column":55},"end":{"line":35,"column":99}},"line":35},"18":{"name":"(anonymous_18)","decl":{"start":{"line":36,"column":49},"end":{"line":36,"column":50}},"loc":{"start":{"line":36,"column":54},"end":{"line":36,"column":97}},"line":36},"19":{"name":"(anonymous_19)","decl":{"start":{"line":52,"column":4},"end":{"line":52,"column":5}},"loc":{"start":{"line":52,"column":17},"end":{"line":83,"column":5}},"line":52},"20":{"name":"(anonymous_20)","decl":{"start":{"line":54,"column":33},"end":{"line":54,"column":34}},"loc":{"start":{"line":54,"column":38},"end":{"line":54,"column":87}},"line":54},"21":{"name":"(anonymous_21)","decl":{"start":{"line":55,"column":43},"end":{"line":55,"column":44}},"loc":{"start":{"line":55,"column":48},"end":{"line":55,"column":189}},"line":55},"22":{"name":"(anonymous_22)","decl":{"start":{"line":56,"column":44},"end":{"line":56,"column":45}},"loc":{"start":{"line":56,"column":49},"end":{"line":56,"column":95}},"line":56},"23":{"name":"(anonymous_23)","decl":{"start":{"line":57,"column":42},"end":{"line":57,"column":43}},"loc":{"start":{"line":57,"column":47},"end":{"line":57,"column":91}},"line":57},"24":{"name":"(anonymous_24)","decl":{"start":{"line":58,"column":41},"end":{"line":58,"column":42}},"loc":{"start":{"line":58,"column":46},"end":{"line":58,"column":89}},"line":58},"25":{"name":"(anonymous_25)","decl":{"start":{"line":67,"column":48},"end":{"line":67,"column":49}},"loc":{"start":{"line":67,"column":53},"end":{"line":67,"column":79}},"line":67},"26":{"name":"(anonymous_26)","decl":{"start":{"line":68,"column":51},"end":{"line":68,"column":52}},"loc":{"start":{"line":68,"column":61},"end":{"line":68,"column":74}},"line":68},"27":{"name":"(anonymous_27)","decl":{"start":{"line":77,"column":28},"end":{"line":77,"column":29}},"loc":{"start":{"line":77,"column":38},"end":{"line":81,"column":13}},"line":77},"28":{"name":"(anonymous_28)","decl":{"start":{"line":84,"column":4},"end":{"line":84,"column":5}},"loc":{"start":{"line":84,"column":47},"end":{"line":89,"column":5}},"line":84}},"branchMap":{"0":{"loc":{"start":{"line":2,"column":16},"end":{"line":9,"column":1}},"type":"binary-expr","locations":[{"start":{"line":2,"column":17},"end":{"line":2,"column":21}},{"start":{"line":2,"column":25},"end":{"line":2,"column":39}},{"start":{"line":2,"column":44},"end":{"line":9,"column":1}}],"line":2},"1":{"loc":{"start":{"line":3,"column":16},"end":{"line":3,"column":34}},"type":"binary-expr","locations":[{"start":{"line":3,"column":16},"end":{"line":3,"column":17}},{"start":{"line":3,"column":22},"end":{"line":3,"column":33}}],"line":3},"2":{"loc":{"start":{"line":6,"column":32},"end":{"line":6,"column":148}},"type":"cond-expr","locations":[{"start":{"line":6,"column":46},"end":{"line":6,"column":67}},{"start":{"line":6,"column":70},"end":{"line":6,"column":148}}],"line":6},"3":{"loc":{"start":{"line":18,"column":8},"end":{"line":20,"column":9}},"type":"if","locations":[{"start":{"line":18,"column":8},"end":{"line":20,"column":9}},{"start":{"line":18,"column":8},"end":{"line":20,"column":9}}],"line":18},"4":{"loc":{"start":{"line":29,"column":8},"end":{"line":50,"column":9}},"type":"if","locations":[{"start":{"line":29,"column":8},"end":{"line":50,"column":9}},{"start":{"line":29,"column":8},"end":{"line":50,"column":9}}],"line":29},"5":{"loc":{"start":{"line":45,"column":16},"end":{"line":47,"column":17}},"type":"if","locations":[{"start":{"line":45,"column":16},"end":{"line":47,"column":17}},{"start":{"line":45,"column":16},"end":{"line":47,"column":17}}],"line":45},"6":{"loc":{"start":{"line":55,"column":48},"end":{"line":55,"column":189}},"type":"binary-expr","locations":[{"start":{"line":55,"column":48},"end":{"line":55,"column":94}},{"start":{"line":55,"column":98},"end":{"line":55,"column":142}},{"start":{"line":55,"column":146},"end":{"line":55,"column":189}}],"line":55},"7":{"loc":{"start":{"line":65,"column":8},"end":{"line":82,"column":9}},"type":"if","locations":[{"start":{"line":65,"column":8},"end":{"line":82,"column":9}},{"start":{"line":65,"column":8},"end":{"line":82,"column":9}}],"line":65},"8":{"loc":{"start":{"line":68,"column":61},"end":{"line":68,"column":74}},"type":"cond-expr","locations":[{"start":{"line":68,"column":69},"end":{"line":68,"column":70}},{"start":{"line":68,"column":73},"end":{"line":68,"column":74}}],"line":68},"9":{"loc":{"start":{"line":86,"column":51},"end":{"line":86,"column":65}},"type":"binary-expr","locations":[{"start":{"line":86,"column":51},"end":{"line":86,"column":58}},{"start":{"line":86,"column":62},"end":{"line":86,"column":65}}],"line":86}},"s":{"0":1,"1":0,"2":0,"3":0,"4":0,"5":0,"6":0,"7":0,"8":0,"9":0,"10":0,"11":1,"12":1,"13":5,"14":5,"15":118,"16":0,"17":0,"18":4,"19":5,"20":0,"21":0,"22":0,"23":0,"24":0,"25":0,"26":0,"27":0,"28":0,"29":0,"30":0,"31":0,"32":0,"33":0,"34":0,"35":0,"36":0,"37":0,"38":0,"39":5,"40":5,"41":30,"42":5,"43":20,"44":5,"45":20,"46":5,"47":20,"48":5,"49":20,"50":5,"51":5,"52":5,"53":0,"54":0,"55":0,"56":0,"57":0,"58":0,"59":0,"60":0,"61":0,"62":0,"63":0,"64":0,"65":0,"66":0,"67":0,"68":0,"69":0,"70":0,"71":0,"72":0,"73":0,"74":1},"f":{"0":0,"1":0,"2":0,"3":0,"4":0,"5":0,"6":5,"7":118,"8":0,"9":4,"10":5,"11":0,"12":0,"13":0,"14":0,"15":0,"16":0,"17":0,"18":0,"19":5,"20":30,"21":20,"22":20,"23":20,"24":20,"25":0,"26":0,"27":0,"28":0},"b":{"0":[1,1,1],"1":[0,0],"2":[0,0],"3":[0,118],"4":[0,5],"5":[0,0],"6":[20,2,0],"7":[0,5],"8":[0,0],"9":[0,0]},"_coverageSchema":"332fd63041d2c1bcb487cc26dd0d5f7d97098a6c","hash":"db6efa7ce0cfdb99d9712b8c60410b42d9ba20dc","contentHash":"068849bb8f47623f0166fbb137c4ba86_11.2.1"},"c:\\vsts-rm-extensions\\Extensions\\ArtifactEngine\\Engine\\worker.js":{"path":"c:\\vsts-rm-extensions\\Extensions\\ArtifactEngine\\Engine\\worker.js","statementMap":{"0":{"start":{"line":2,"column":16},"end":{"line":9,"column":1}},"1":{"start":{"line":3,"column":4},"end":{"line":8,"column":7}},"2":{"start":{"line":4,"column":36},"end":{"line":4,"column":97}},"3":{"start":{"line":4,"column":42},"end":{"line":4,"column":70}},"4":{"start":{"line":4,"column":85},"end":{"line":4,"column":95}},"5":{"start":{"line":5,"column":35},"end":{"line":5,"column":97}},"6":{"start":{"line":5,"column":41},"end":{"line":5,"column":70}},"7":{"start":{"line":5,"column":85},"end":{"line":5,"column":95}},"8":{"start":{"line":6,"column":32},"end":{"line":6,"column":149}},"9":{"start":{"line":6,"column":97},"end":{"line":6,"column":119}},"10":{"start":{"line":7,"column":8},"end":{"line":7,"column":72}},"11":{"start":{"line":10,"column":17},"end":{"line":10,"column":36}},"12":{"start":{"line":13,"column":8},"end":{"line":13,"column":21}},"13":{"start":{"line":14,"column":8},"end":{"line":14,"column":31}},"14":{"start":{"line":15,"column":8},"end":{"line":15,"column":39}},"15":{"start":{"line":16,"column":8},"end":{"line":16,"column":31}},"16":{"start":{"line":19,"column":22},"end":{"line":21,"column":11}},"17":{"start":{"line":19,"column":55},"end":{"line":21,"column":10}},"18":{"start":{"line":20,"column":12},"end":{"line":20,"column":52}},"19":{"start":{"line":22,"column":8},"end":{"line":22,"column":23}},"20":{"start":{"line":25,"column":8},"end":{"line":40,"column":11}},"21":{"start":{"line":26,"column":12},"end":{"line":39,"column":13}},"22":{"start":{"line":27,"column":16},"end":{"line":27,"column":50}},"23":{"start":{"line":28,"column":16},"end":{"line":35,"column":17}},"24":{"start":{"line":29,"column":20},"end":{"line":29,"column":97}},"25":{"start":{"line":30,"column":20},"end":{"line":30,"column":30}},"26":{"start":{"line":33,"column":20},"end":{"line":33,"column":109}},"27":{"start":{"line":34,"column":20},"end":{"line":34,"column":78}},"28":{"start":{"line":34,"column":37},"end":{"line":34,"column":70}},"29":{"start":{"line":38,"column":16},"end":{"line":38,"column":28}},"30":{"start":{"line":43,"column":8},"end":{"line":52,"column":11}},"31":{"start":{"line":44,"column":12},"end":{"line":51,"column":13}},"32":{"start":{"line":45,"column":29},"end":{"line":45,"column":47}},"33":{"start":{"line":46,"column":16},"end":{"line":49,"column":17}},"34":{"start":{"line":47,"column":20},"end":{"line":47,"column":124}},"35":{"start":{"line":48,"column":20},"end":{"line":48,"column":26}},"36":{"start":{"line":50,"column":16},"end":{"line":50,"column":41}},"37":{"start":{"line":55,"column":0},"end":{"line":55,"column":24}}},"fnMap":{"0":{"name":"(anonymous_0)","decl":{"start":{"line":2,"column":44},"end":{"line":2,"column":45}},"loc":{"start":{"line":2,"column":89},"end":{"line":9,"column":1}},"line":2},"1":{"name":"(anonymous_1)","decl":{"start":{"line":3,"column":36},"end":{"line":3,"column":37}},"loc":{"start":{"line":3,"column":63},"end":{"line":8,"column":5}},"line":3},"2":{"name":"fulfilled","decl":{"start":{"line":4,"column":17},"end":{"line":4,"column":26}},"loc":{"start":{"line":4,"column":34},"end":{"line":4,"column":99}},"line":4},"3":{"name":"rejected","decl":{"start":{"line":5,"column":17},"end":{"line":5,"column":25}},"loc":{"start":{"line":5,"column":33},"end":{"line":5,"column":99}},"line":5},"4":{"name":"step","decl":{"start":{"line":6,"column":17},"end":{"line":6,"column":21}},"loc":{"start":{"line":6,"column":30},"end":{"line":6,"column":151}},"line":6},"5":{"name":"(anonymous_5)","decl":{"start":{"line":6,"column":76},"end":{"line":6,"column":77}},"loc":{"start":{"line":6,"column":95},"end":{"line":6,"column":121}},"line":6},"6":{"name":"(anonymous_6)","decl":{"start":{"line":12,"column":4},"end":{"line":12,"column":5}},"loc":{"start":{"line":12,"column":51},"end":{"line":17,"column":5}},"line":12},"7":{"name":"(anonymous_7)","decl":{"start":{"line":18,"column":4},"end":{"line":18,"column":5}},"loc":{"start":{"line":18,"column":11},"end":{"line":23,"column":5}},"line":18},"8":{"name":"(anonymous_8)","decl":{"start":{"line":19,"column":34},"end":{"line":19,"column":35}},"loc":{"start":{"line":19,"column":55},"end":{"line":21,"column":10}},"line":19},"9":{"name":"(anonymous_9)","decl":{"start":{"line":19,"column":87},"end":{"line":19,"column":88}},"loc":{"start":{"line":19,"column":100},"end":{"line":21,"column":9}},"line":19},"10":{"name":"(anonymous_10)","decl":{"start":{"line":24,"column":4},"end":{"line":24,"column":5}},"loc":{"start":{"line":24,"column":33},"end":{"line":41,"column":5}},"line":24},"11":{"name":"(anonymous_11)","decl":{"start":{"line":25,"column":47},"end":{"line":25,"column":48}},"loc":{"start":{"line":25,"column":60},"end":{"line":40,"column":9}},"line":25},"12":{"name":"(anonymous_12)","decl":{"start":{"line":34,"column":31},"end":{"line":34,"column":32}},"loc":{"start":{"line":34,"column":37},"end":{"line":34,"column":70}},"line":34},"13":{"name":"(anonymous_13)","decl":{"start":{"line":42,"column":4},"end":{"line":42,"column":5}},"loc":{"start":{"line":42,"column":27},"end":{"line":53,"column":5}},"line":42},"14":{"name":"(anonymous_14)","decl":{"start":{"line":43,"column":47},"end":{"line":43,"column":48}},"loc":{"start":{"line":43,"column":60},"end":{"line":52,"column":9}},"line":43}},"branchMap":{"0":{"loc":{"start":{"line":2,"column":16},"end":{"line":9,"column":1}},"type":"binary-expr","locations":[{"start":{"line":2,"column":17},"end":{"line":2,"column":21}},{"start":{"line":2,"column":25},"end":{"line":2,"column":39}},{"start":{"line":2,"column":44},"end":{"line":9,"column":1}}],"line":2},"1":{"loc":{"start":{"line":3,"column":16},"end":{"line":3,"column":34}},"type":"binary-expr","locations":[{"start":{"line":3,"column":16},"end":{"line":3,"column":17}},{"start":{"line":3,"column":22},"end":{"line":3,"column":33}}],"line":3},"2":{"loc":{"start":{"line":6,"column":32},"end":{"line":6,"column":148}},"type":"cond-expr","locations":[{"start":{"line":6,"column":46},"end":{"line":6,"column":67}},{"start":{"line":6,"column":70},"end":{"line":6,"column":148}}],"line":6},"3":{"loc":{"start":{"line":28,"column":16},"end":{"line":35,"column":17}},"type":"if","locations":[{"start":{"line":28,"column":16},"end":{"line":35,"column":17}},{"start":{"line":28,"column":16},"end":{"line":35,"column":17}}],"line":28},"4":{"loc":{"start":{"line":46,"column":16},"end":{"line":49,"column":17}},"type":"if","locations":[{"start":{"line":46,"column":16},"end":{"line":49,"column":17}},{"start":{"line":46,"column":16},"end":{"line":49,"column":17}}],"line":46}},"s":{"0":1,"1":90,"2":85,"3":85,"4":0,"5":0,"6":0,"7":0,"8":175,"9":85,"10":90,"11":1,"12":20,"13":20,"14":20,"15":20,"16":20,"17":20,"18":20,"19":20,"20":35,"21":35,"22":35,"23":35,"24":20,"25":20,"26":15,"27":15,"28":15,"29":0,"30":35,"31":35,"32":65,"33":65,"34":35,"35":35,"36":30,"37":1},"f":{"0":90,"1":90,"2":85,"3":0,"4":175,"5":85,"6":20,"7":20,"8":20,"9":20,"10":35,"11":35,"12":15,"13":35,"14":35},"b":{"0":[1,1,1],"1":[90,90],"2":[90,85],"3":[20,15],"4":[35,30]},"_coverageSchema":"332fd63041d2c1bcb487cc26dd0d5f7d97098a6c","hash":"daf1e1e867427496cf89b3f85eec4e3dc21b52a3","contentHash":"d8a23c16368815e968055c1686651f88_11.2.1"},"c:\\vsts-rm-extensions\\Extensions\\ArtifactEngine\\Providers\\index.js":{"path":"c:\\vsts-rm-extensions\\Extensions\\ArtifactEngine\\Providers\\index.js","statementMap":{"0":{"start":{"line":2,"column":20},"end":{"line":2,"column":44}},"1":{"start":{"line":3,"column":0},"end":{"line":3,"column":48}},"2":{"start":{"line":4,"column":27},"end":{"line":4,"column":58}},"3":{"start":{"line":5,"column":0},"end":{"line":5,"column":69}},"4":{"start":{"line":6,"column":21},"end":{"line":6,"column":46}},"5":{"start":{"line":7,"column":0},"end":{"line":7,"column":51}}},"fnMap":{},"branchMap":{},"s":{"0":1,"1":1,"2":1,"3":1,"4":1,"5":1},"f":{},"b":{},"_coverageSchema":"332fd63041d2c1bcb487cc26dd0d5f7d97098a6c","hash":"0f4c9520aea281a9097fb53a5c368471b19a1876","contentHash":"1235cc47ba34ac2a00d41753a42dea9b_11.2.1"},"c:\\vsts-rm-extensions\\Extensions\\ArtifactEngine\\Providers\\webProvider.js":{"path":"c:\\vsts-rm-extensions\\Extensions\\ArtifactEngine\\Providers\\webProvider.js","statementMap":{"0":{"start":{"line":2,"column":16},"end":{"line":9,"column":1}},"1":{"start":{"line":3,"column":4},"end":{"line":8,"column":7}},"2":{"start":{"line":4,"column":36},"end":{"line":4,"column":97}},"3":{"start":{"line":4,"column":42},"end":{"line":4,"column":70}},"4":{"start":{"line":4,"column":85},"end":{"line":4,"column":95}},"5":{"start":{"line":5,"column":35},"end":{"line":5,"column":97}},"6":{"start":{"line":5,"column":41},"end":{"line":5,"column":70}},"7":{"start":{"line":5,"column":85},"end":{"line":5,"column":95}},"8":{"start":{"line":6,"column":32},"end":{"line":6,"column":149}},"9":{"start":{"line":6,"column":97},"end":{"line":6,"column":119}},"10":{"start":{"line":7,"column":8},"end":{"line":7,"column":72}},"11":{"start":{"line":10,"column":11},"end":{"line":10,"column":24}},"12":{"start":{"line":11,"column":13},"end":{"line":11,"column":28}},"13":{"start":{"line":12,"column":15},"end":{"line":12,"column":32}},"14":{"start":{"line":13,"column":13},"end":{"line":13,"column":28}},"15":{"start":{"line":14,"column":17},"end":{"line":14,"column":38}},"16":{"start":{"line":15,"column":14},"end":{"line":15,"column":53}},"17":{"start":{"line":16,"column":17},"end":{"line":16,"column":44}},"18":{"start":{"line":17,"column":18},"end":{"line":17,"column":44}},"19":{"start":{"line":20,"column":8},"end":{"line":20,"column":67}},"20":{"start":{"line":21,"column":8},"end":{"line":21,"column":26}},"21":{"start":{"line":22,"column":8},"end":{"line":22,"column":51}},"22":{"start":{"line":23,"column":8},"end":{"line":23,"column":41}},"23":{"start":{"line":24,"column":8},"end":{"line":24,"column":44}},"24":{"start":{"line":25,"column":8},"end":{"line":25,"column":33}},"25":{"start":{"line":26,"column":8},"end":{"line":26,"column":115}},"26":{"start":{"line":27,"column":8},"end":{"line":27,"column":35}},"27":{"start":{"line":30,"column":8},"end":{"line":30,"column":53}},"28":{"start":{"line":33,"column":23},"end":{"line":33,"column":59}},"29":{"start":{"line":34,"column":8},"end":{"line":34,"column":39}},"30":{"start":{"line":37,"column":22},"end":{"line":54,"column":11}},"31":{"start":{"line":37,"column":55},"end":{"line":54,"column":10}},"32":{"start":{"line":38,"column":12},"end":{"line":40,"column":13}},"33":{"start":{"line":39,"column":16},"end":{"line":39,"column":73}},"34":{"start":{"line":41,"column":26},"end":{"line":41,"column":62}},"35":{"start":{"line":42,"column":12},"end":{"line":42,"column":60}},"36":{"start":{"line":43,"column":26},"end":{"line":43,"column":49}},"37":{"start":{"line":44,"column":12},"end":{"line":46,"column":15}},"38":{"start":{"line":45,"column":16},"end":{"line":45,"column":31}},"39":{"start":{"line":47,"column":22},"end":{"line":47,"column":35}},"40":{"start":{"line":48,"column":12},"end":{"line":53,"column":13}},"41":{"start":{"line":49,"column":16},"end":{"line":49,"column":62}},"42":{"start":{"line":52,"column":16},"end":{"line":52,"column":37}},"43":{"start":{"line":55,"column":8},"end":{"line":55,"column":23}},"44":{"start":{"line":58,"column":8},"end":{"line":58,"column":43}},"45":{"start":{"line":61,"column":22},"end":{"line":83,"column":11}},"46":{"start":{"line":61,"column":55},"end":{"line":83,"column":10}},"47":{"start":{"line":62,"column":12},"end":{"line":62,"column":62}},"48":{"start":{"line":63,"column":23},"end":{"line":63,"column":87}},"49":{"start":{"line":64,"column":23},"end":{"line":64,"column":44}},"50":{"start":{"line":65,"column":12},"end":{"line":82,"column":15}},"51":{"start":{"line":66,"column":16},"end":{"line":69,"column":17}},"52":{"start":{"line":67,"column":20},"end":{"line":67,"column":77}},"53":{"start":{"line":68,"column":20},"end":{"line":68,"column":32}},"54":{"start":{"line":70,"column":31},"end":{"line":70,"column":70}},"55":{"start":{"line":71,"column":16},"end":{"line":81,"column":17}},"56":{"start":{"line":72,"column":35},"end":{"line":72,"column":51}},"57":{"start":{"line":73,"column":34},"end":{"line":73,"column":71}},"58":{"start":{"line":74,"column":33},"end":{"line":74,"column":50}},"59":{"start":{"line":75,"column":32},"end":{"line":75,"column":50}},"60":{"start":{"line":76,"column":20},"end":{"line":76,"column":35}},"61":{"start":{"line":79,"column":20},"end":{"line":79,"column":115}},"62":{"start":{"line":80,"column":20},"end":{"line":80,"column":34}},"63":{"start":{"line":84,"column":8},"end":{"line":84,"column":23}},"64":{"start":{"line":87,"column":8},"end":{"line":97,"column":9}},"65":{"start":{"line":88,"column":12},"end":{"line":96,"column":13}},"66":{"start":{"line":89,"column":35},"end":{"line":94,"column":17}},"67":{"start":{"line":95,"column":16},"end":{"line":95,"column":50}},"68":{"start":{"line":98,"column":8},"end":{"line":108,"column":9}},"69":{"start":{"line":99,"column":12},"end":{"line":107,"column":13}},"70":{"start":{"line":100,"column":34},"end":{"line":105,"column":17}},"71":{"start":{"line":106,"column":16},"end":{"line":106,"column":48}},"72":{"start":{"line":111,"column":8},"end":{"line":120,"column":9}},"73":{"start":{"line":112,"column":29},"end":{"line":112,"column":52}},"74":{"start":{"line":113,"column":26},"end":{"line":113,"column":78}},"75":{"start":{"line":114,"column":29},"end":{"line":114,"column":83}},"76":{"start":{"line":115,"column":35},"end":{"line":115,"column":87}},"77":{"start":{"line":116,"column":27},"end":{"line":116,"column":75}},"78":{"start":{"line":117,"column":35},"end":{"line":117,"column":83}},"79":{"start":{"line":118,"column":12},"end":{"line":118,"column":55}},"80":{"start":{"line":119,"column":12},"end":{"line":119,"column":36}},"81":{"start":{"line":123,"column":8},"end":{"line":123,"column":112}},"82":{"start":{"line":126,"column":8},"end":{"line":128,"column":9}},"83":{"start":{"line":127,"column":12},"end":{"line":127,"column":40}},"84":{"start":{"line":129,"column":8},"end":{"line":129,"column":22}},"85":{"start":{"line":132,"column":0},"end":{"line":132,"column":34}}},"fnMap":{"0":{"name":"(anonymous_0)","decl":{"start":{"line":2,"column":44},"end":{"line":2,"column":45}},"loc":{"start":{"line":2,"column":89},"end":{"line":9,"column":1}},"line":2},"1":{"name":"(anonymous_1)","decl":{"start":{"line":3,"column":36},"end":{"line":3,"column":37}},"loc":{"start":{"line":3,"column":63},"end":{"line":8,"column":5}},"line":3},"2":{"name":"fulfilled","decl":{"start":{"line":4,"column":17},"end":{"line":4,"column":26}},"loc":{"start":{"line":4,"column":34},"end":{"line":4,"column":99}},"line":4},"3":{"name":"rejected","decl":{"start":{"line":5,"column":17},"end":{"line":5,"column":25}},"loc":{"start":{"line":5,"column":33},"end":{"line":5,"column":99}},"line":5},"4":{"name":"step","decl":{"start":{"line":6,"column":17},"end":{"line":6,"column":21}},"loc":{"start":{"line":6,"column":30},"end":{"line":6,"column":151}},"line":6},"5":{"name":"(anonymous_5)","decl":{"start":{"line":6,"column":76},"end":{"line":6,"column":77}},"loc":{"start":{"line":6,"column":95},"end":{"line":6,"column":121}},"line":6},"6":{"name":"(anonymous_6)","decl":{"start":{"line":19,"column":4},"end":{"line":19,"column":5}},"loc":{"start":{"line":19,"column":85},"end":{"line":28,"column":5}},"line":19},"7":{"name":"(anonymous_7)","decl":{"start":{"line":29,"column":4},"end":{"line":29,"column":5}},"loc":{"start":{"line":29,"column":19},"end":{"line":31,"column":5}},"line":29},"8":{"name":"(anonymous_8)","decl":{"start":{"line":32,"column":4},"end":{"line":32,"column":5}},"loc":{"start":{"line":32,"column":35},"end":{"line":35,"column":5}},"line":32},"9":{"name":"(anonymous_9)","decl":{"start":{"line":36,"column":4},"end":{"line":36,"column":5}},"loc":{"start":{"line":36,"column":34},"end":{"line":56,"column":5}},"line":36},"10":{"name":"(anonymous_10)","decl":{"start":{"line":37,"column":34},"end":{"line":37,"column":35}},"loc":{"start":{"line":37,"column":55},"end":{"line":54,"column":10}},"line":37},"11":{"name":"(anonymous_11)","decl":{"start":{"line":37,"column":87},"end":{"line":37,"column":88}},"loc":{"start":{"line":37,"column":100},"end":{"line":54,"column":9}},"line":37},"12":{"name":"(anonymous_12)","decl":{"start":{"line":44,"column":26},"end":{"line":44,"column":27}},"loc":{"start":{"line":44,"column":36},"end":{"line":46,"column":13}},"line":44},"13":{"name":"(anonymous_13)","decl":{"start":{"line":57,"column":4},"end":{"line":57,"column":5}},"loc":{"start":{"line":57,"column":38},"end":{"line":59,"column":5}},"line":57},"14":{"name":"(anonymous_14)","decl":{"start":{"line":60,"column":4},"end":{"line":60,"column":5}},"loc":{"start":{"line":60,"column":23},"end":{"line":85,"column":5}},"line":60},"15":{"name":"(anonymous_15)","decl":{"start":{"line":61,"column":34},"end":{"line":61,"column":35}},"loc":{"start":{"line":61,"column":55},"end":{"line":83,"column":10}},"line":61},"16":{"name":"(anonymous_16)","decl":{"start":{"line":61,"column":87},"end":{"line":61,"column":88}},"loc":{"start":{"line":61,"column":100},"end":{"line":83,"column":9}},"line":61},"17":{"name":"(anonymous_17)","decl":{"start":{"line":65,"column":60},"end":{"line":65,"column":61}},"loc":{"start":{"line":65,"column":90},"end":{"line":82,"column":13}},"line":65},"18":{"name":"(anonymous_18)","decl":{"start":{"line":86,"column":4},"end":{"line":86,"column":5}},"loc":{"start":{"line":86,"column":24},"end":{"line":109,"column":5}},"line":86},"19":{"name":"(anonymous_19)","decl":{"start":{"line":110,"column":4},"end":{"line":110,"column":5}},"loc":{"start":{"line":110,"column":35},"end":{"line":121,"column":5}},"line":110},"20":{"name":"(anonymous_20)","decl":{"start":{"line":122,"column":4},"end":{"line":122,"column":5}},"loc":{"start":{"line":122,"column":26},"end":{"line":124,"column":5}},"line":122},"21":{"name":"(anonymous_21)","decl":{"start":{"line":125,"column":4},"end":{"line":125,"column":5}},"loc":{"start":{"line":125,"column":27},"end":{"line":130,"column":5}},"line":125}},"branchMap":{"0":{"loc":{"start":{"line":2,"column":16},"end":{"line":9,"column":1}},"type":"binary-expr","locations":[{"start":{"line":2,"column":17},"end":{"line":2,"column":21}},{"start":{"line":2,"column":25},"end":{"line":2,"column":39}},{"start":{"line":2,"column":44},"end":{"line":9,"column":1}}],"line":2},"1":{"loc":{"start":{"line":3,"column":16},"end":{"line":3,"column":34}},"type":"binary-expr","locations":[{"start":{"line":3,"column":16},"end":{"line":3,"column":17}},{"start":{"line":3,"column":22},"end":{"line":3,"column":33}}],"line":3},"2":{"loc":{"start":{"line":6,"column":32},"end":{"line":6,"column":148}},"type":"cond-expr","locations":[{"start":{"line":6,"column":46},"end":{"line":6,"column":67}},{"start":{"line":6,"column":70},"end":{"line":6,"column":148}}],"line":6},"3":{"loc":{"start":{"line":24,"column":23},"end":{"line":24,"column":43}},"type":"binary-expr","locations":[{"start":{"line":24,"column":23},"end":{"line":24,"column":37}},{"start":{"line":24,"column":41},"end":{"line":24,"column":43}}],"line":24},"4":{"loc":{"start":{"line":38,"column":12},"end":{"line":40,"column":13}},"type":"if","locations":[{"start":{"line":38,"column":12},"end":{"line":40,"column":13}},{"start":{"line":38,"column":12},"end":{"line":40,"column":13}}],"line":38},"5":{"loc":{"start":{"line":38,"column":16},"end":{"line":38,"column":79}},"type":"binary-expr","locations":[{"start":{"line":38,"column":16},"end":{"line":38,"column":38}},{"start":{"line":38,"column":42},"end":{"line":38,"column":79}}],"line":38},"6":{"loc":{"start":{"line":48,"column":12},"end":{"line":53,"column":13}},"type":"if","locations":[{"start":{"line":48,"column":12},"end":{"line":53,"column":13}},{"start":{"line":48,"column":12},"end":{"line":53,"column":13}}],"line":48},"7":{"loc":{"start":{"line":66,"column":16},"end":{"line":69,"column":17}},"type":"if","locations":[{"start":{"line":66,"column":16},"end":{"line":69,"column":17}},{"start":{"line":66,"column":16},"end":{"line":69,"column":17}}],"line":66},"8":{"loc":{"start":{"line":67,"column":45},"end":{"line":67,"column":75}},"type":"cond-expr","locations":[{"start":{"line":67,"column":51},"end":{"line":67,"column":70}},{"start":{"line":67,"column":73},"end":{"line":67,"column":75}}],"line":67},"9":{"loc":{"start":{"line":87,"column":8},"end":{"line":97,"column":9}},"type":"if","locations":[{"start":{"line":87,"column":8},"end":{"line":97,"column":9}},{"start":{"line":87,"column":8},"end":{"line":97,"column":9}}],"line":87},"10":{"loc":{"start":{"line":87,"column":12},"end":{"line":87,"column":63}},"type":"binary-expr","locations":[{"start":{"line":87,"column":12},"end":{"line":87,"column":31}},{"start":{"line":87,"column":35},"end":{"line":87,"column":63}}],"line":87},"11":{"loc":{"start":{"line":88,"column":12},"end":{"line":96,"column":13}},"type":"if","locations":[{"start":{"line":88,"column":12},"end":{"line":96,"column":13}},{"start":{"line":88,"column":12},"end":{"line":96,"column":13}}],"line":88},"12":{"loc":{"start":{"line":93,"column":49},"end":{"line":93,"column":94}},"type":"binary-expr","locations":[{"start":{"line":93,"column":49},"end":{"line":93,"column":86}},{"start":{"line":93,"column":90},"end":{"line":93,"column":94}}],"line":93},"13":{"loc":{"start":{"line":98,"column":8},"end":{"line":108,"column":9}},"type":"if","locations":[{"start":{"line":98,"column":8},"end":{"line":108,"column":9}},{"start":{"line":98,"column":8},"end":{"line":108,"column":9}}],"line":98},"14":{"loc":{"start":{"line":99,"column":12},"end":{"line":107,"column":13}},"type":"if","locations":[{"start":{"line":99,"column":12},"end":{"line":107,"column":13}},{"start":{"line":99,"column":12},"end":{"line":107,"column":13}}],"line":99},"15":{"loc":{"start":{"line":111,"column":8},"end":{"line":120,"column":9}},"type":"if","locations":[{"start":{"line":111,"column":8},"end":{"line":120,"column":9}},{"start":{"line":111,"column":8},"end":{"line":120,"column":9}}],"line":111},"16":{"loc":{"start":{"line":111,"column":12},"end":{"line":111,"column":51}},"type":"binary-expr","locations":[{"start":{"line":111,"column":12},"end":{"line":111,"column":21}},{"start":{"line":111,"column":25},"end":{"line":111,"column":51}}],"line":111},"17":{"loc":{"start":{"line":123,"column":15},"end":{"line":123,"column":111}},"type":"cond-expr","locations":[{"start":{"line":123,"column":52},"end":{"line":123,"column":69}},{"start":{"line":123,"column":72},"end":{"line":123,"column":111}}],"line":123}},"s":{"0":1,"1":2,"2":0,"3":0,"4":0,"5":1,"6":1,"7":1,"8":1,"9":1,"10":2,"11":1,"12":1,"13":1,"14":1,"15":1,"16":1,"17":1,"18":1,"19":2,"20":2,"21":2,"22":2,"23":2,"24":2,"25":2,"26":2,"27":0,"28":0,"29":0,"30":2,"31":2,"32":2,"33":1,"34":2,"35":1,"36":1,"37":1,"38":1,"39":1,"40":0,"41":0,"42":0,"43":2,"44":0,"45":0,"46":0,"47":0,"48":0,"49":0,"50":0,"51":0,"52":0,"53":0,"54":0,"55":0,"56":0,"57":0,"58":0,"59":0,"60":0,"61":0,"62":0,"63":0,"64":2,"65":2,"66":0,"67":0,"68":2,"69":2,"70":0,"71":0,"72":0,"73":0,"74":0,"75":0,"76":0,"77":0,"78":0,"79":0,"80":0,"81":0,"82":0,"83":0,"84":0,"85":1},"f":{"0":2,"1":2,"2":0,"3":1,"4":1,"5":1,"6":2,"7":0,"8":0,"9":2,"10":2,"11":2,"12":1,"13":0,"14":0,"15":0,"16":0,"17":0,"18":2,"19":0,"20":0,"21":0},"b":{"0":[1,1,1],"1":[2,2],"2":[0,1],"3":[2,2],"4":[1,1],"5":[2,1],"6":[0,0],"7":[0,0],"8":[0,0],"9":[2,0],"10":[2,0],"11":[0,2],"12":[0,0],"13":[2,0],"14":[0,2],"15":[0,0],"16":[0,0],"17":[0,0]},"_coverageSchema":"332fd63041d2c1bcb487cc26dd0d5f7d97098a6c","hash":"4a09aa6a4d4f3389ef8f78e2ba1ee0c094818947","contentHash":"32e37cb87134a41226db04c6bf88542f_11.2.1"},"c:\\vsts-rm-extensions\\Extensions\\ArtifactEngine\\Providers\\filesystemProvider.js":{"path":"c:\\vsts-rm-extensions\\Extensions\\ArtifactEngine\\Providers\\filesystemProvider.js","statementMap":{"0":{"start":{"line":2,"column":16},"end":{"line":9,"column":1}},"1":{"start":{"line":3,"column":4},"end":{"line":8,"column":7}},"2":{"start":{"line":4,"column":36},"end":{"line":4,"column":97}},"3":{"start":{"line":4,"column":42},"end":{"line":4,"column":70}},"4":{"start":{"line":4,"column":85},"end":{"line":4,"column":95}},"5":{"start":{"line":5,"column":35},"end":{"line":5,"column":97}},"6":{"start":{"line":5,"column":41},"end":{"line":5,"column":70}},"7":{"start":{"line":5,"column":85},"end":{"line":5,"column":95}},"8":{"start":{"line":6,"column":32},"end":{"line":6,"column":149}},"9":{"start":{"line":6,"column":97},"end":{"line":6,"column":119}},"10":{"start":{"line":7,"column":8},"end":{"line":7,"column":72}},"11":{"start":{"line":10,"column":13},"end":{"line":10,"column":28}},"12":{"start":{"line":11,"column":11},"end":{"line":11,"column":24}},"13":{"start":{"line":12,"column":15},"end":{"line":12,"column":35}},"14":{"start":{"line":13,"column":17},"end":{"line":13,"column":44}},"15":{"start":{"line":16,"column":8},"end":{"line":16,"column":34}},"16":{"start":{"line":17,"column":8},"end":{"line":17,"column":42}},"17":{"start":{"line":20,"column":8},"end":{"line":20,"column":49}},"18":{"start":{"line":23,"column":24},"end":{"line":23,"column":60}},"19":{"start":{"line":24,"column":8},"end":{"line":24,"column":59}},"20":{"start":{"line":27,"column":22},"end":{"line":36,"column":11}},"21":{"start":{"line":27,"column":55},"end":{"line":36,"column":10}},"22":{"start":{"line":28,"column":27},"end":{"line":28,"column":63}},"23":{"start":{"line":29,"column":12},"end":{"line":35,"column":13}},"24":{"start":{"line":30,"column":36},"end":{"line":30,"column":65}},"25":{"start":{"line":31,"column":16},"end":{"line":31,"column":39}},"26":{"start":{"line":34,"column":16},"end":{"line":34,"column":30}},"27":{"start":{"line":37,"column":8},"end":{"line":37,"column":23}},"28":{"start":{"line":40,"column":8},"end":{"line":58,"column":12}},"29":{"start":{"line":40,"column":48},"end":{"line":58,"column":10}},"30":{"start":{"line":41,"column":35},"end":{"line":41,"column":75}},"31":{"start":{"line":42,"column":27},"end":{"line":42,"column":55}},"32":{"start":{"line":43,"column":12},"end":{"line":43,"column":50}},"33":{"start":{"line":44,"column":12},"end":{"line":44,"column":93}},"34":{"start":{"line":45,"column":33},"end":{"line":45,"column":69}},"35":{"start":{"line":46,"column":12},"end":{"line":46,"column":38}},"36":{"start":{"line":47,"column":12},"end":{"line":54,"column":15}},"37":{"start":{"line":48,"column":16},"end":{"line":48,"column":95}},"38":{"start":{"line":49,"column":16},"end":{"line":51,"column":17}},"39":{"start":{"line":50,"column":20},"end":{"line":50,"column":39}},"40":{"start":{"line":52,"column":16},"end":{"line":52,"column":83}},"41":{"start":{"line":53,"column":16},"end":{"line":53,"column":30}},"42":{"start":{"line":55,"column":12},"end":{"line":57,"column":15}},"43":{"start":{"line":56,"column":16},"end":{"line":56,"column":30}},"44":{"start":{"line":61,"column":22},"end":{"line":82,"column":10}},"45":{"start":{"line":62,"column":24},"end":{"line":62,"column":26}},"46":{"start":{"line":63,"column":12},"end":{"line":81,"column":15}},"47":{"start":{"line":64,"column":16},"end":{"line":66,"column":17}},"48":{"start":{"line":65,"column":20},"end":{"line":65,"column":108}},"49":{"start":{"line":67,"column":16},"end":{"line":79,"column":17}},"50":{"start":{"line":68,"column":31},"end":{"line":68,"column":43}},"51":{"start":{"line":69,"column":35},"end":{"line":69,"column":61}},"52":{"start":{"line":70,"column":35},"end":{"line":70,"column":57}},"53":{"start":{"line":71,"column":31},"end":{"line":77,"column":21}},"54":{"start":{"line":78,"column":20},"end":{"line":78,"column":47}},"55":{"start":{"line":80,"column":16},"end":{"line":80,"column":31}},"56":{"start":{"line":83,"column":8},"end":{"line":83,"column":23}},"57":{"start":{"line":86,"column":8},"end":{"line":94,"column":9}},"58":{"start":{"line":87,"column":26},"end":{"line":87,"column":46}},"59":{"start":{"line":88,"column":12},"end":{"line":90,"column":13}},"60":{"start":{"line":89,"column":16},"end":{"line":89,"column":23}},"61":{"start":{"line":91,"column":12},"end":{"line":91,"column":51}},"62":{"start":{"line":92,"column":12},"end":{"line":92,"column":33}},"63":{"start":{"line":93,"column":12},"end":{"line":93,"column":48}},"64":{"start":{"line":97,"column":0},"end":{"line":97,"column":48}}},"fnMap":{"0":{"name":"(anonymous_0)","decl":{"start":{"line":2,"column":44},"end":{"line":2,"column":45}},"loc":{"start":{"line":2,"column":89},"end":{"line":9,"column":1}},"line":2},"1":{"name":"(anonymous_1)","decl":{"start":{"line":3,"column":36},"end":{"line":3,"column":37}},"loc":{"start":{"line":3,"column":63},"end":{"line":8,"column":5}},"line":3},"2":{"name":"fulfilled","decl":{"start":{"line":4,"column":17},"end":{"line":4,"column":26}},"loc":{"start":{"line":4,"column":34},"end":{"line":4,"column":99}},"line":4},"3":{"name":"rejected","decl":{"start":{"line":5,"column":17},"end":{"line":5,"column":25}},"loc":{"start":{"line":5,"column":33},"end":{"line":5,"column":99}},"line":5},"4":{"name":"step","decl":{"start":{"line":6,"column":17},"end":{"line":6,"column":21}},"loc":{"start":{"line":6,"column":30},"end":{"line":6,"column":151}},"line":6},"5":{"name":"(anonymous_5)","decl":{"start":{"line":6,"column":76},"end":{"line":6,"column":77}},"loc":{"start":{"line":6,"column":95},"end":{"line":6,"column":121}},"line":6},"6":{"name":"(anonymous_6)","decl":{"start":{"line":15,"column":4},"end":{"line":15,"column":5}},"loc":{"start":{"line":15,"column":30},"end":{"line":18,"column":5}},"line":15},"7":{"name":"(anonymous_7)","decl":{"start":{"line":19,"column":4},"end":{"line":19,"column":5}},"loc":{"start":{"line":19,"column":19},"end":{"line":21,"column":5}},"line":19},"8":{"name":"(anonymous_8)","decl":{"start":{"line":22,"column":4},"end":{"line":22,"column":5}},"loc":{"start":{"line":22,"column":35},"end":{"line":25,"column":5}},"line":22},"9":{"name":"(anonymous_9)","decl":{"start":{"line":26,"column":4},"end":{"line":26,"column":5}},"loc":{"start":{"line":26,"column":34},"end":{"line":38,"column":5}},"line":26},"10":{"name":"(anonymous_10)","decl":{"start":{"line":27,"column":34},"end":{"line":27,"column":35}},"loc":{"start":{"line":27,"column":55},"end":{"line":36,"column":10}},"line":27},"11":{"name":"(anonymous_11)","decl":{"start":{"line":27,"column":87},"end":{"line":27,"column":88}},"loc":{"start":{"line":27,"column":100},"end":{"line":36,"column":9}},"line":27},"12":{"name":"(anonymous_12)","decl":{"start":{"line":39,"column":4},"end":{"line":39,"column":5}},"loc":{"start":{"line":39,"column":34},"end":{"line":59,"column":5}},"line":39},"13":{"name":"(anonymous_13)","decl":{"start":{"line":40,"column":27},"end":{"line":40,"column":28}},"loc":{"start":{"line":40,"column":48},"end":{"line":58,"column":10}},"line":40},"14":{"name":"(anonymous_14)","decl":{"start":{"line":40,"column":80},"end":{"line":40,"column":81}},"loc":{"start":{"line":40,"column":93},"end":{"line":58,"column":9}},"line":40},"15":{"name":"(anonymous_15)","decl":{"start":{"line":47,"column":29},"end":{"line":47,"column":30}},"loc":{"start":{"line":47,"column":35},"end":{"line":54,"column":13}},"line":47},"16":{"name":"(anonymous_16)","decl":{"start":{"line":55,"column":31},"end":{"line":55,"column":32}},"lo
[...]
lumn":32},"end":{"line":45,"column":75}},"36":{"start":{"line":46,"column":8},"end":{"line":46,"column":49}},"37":{"start":{"line":47,"column":8},"end":{"line":47,"column":74}},"38":{"start":{"line":50,"column":0},"end":{"line":62,"column":3}},"39":{"start":{"line":51,"column":4},"end":{"line":61,"column":7}},"40":{"start":{"line":52,"column":32},"end":{"line":52,"column":75}},"41":{"start":{"line":53,"column":28},"end":{"line":53,"column":53}},"42":{"start":{"line":54,"column":8},"end":{"line":54,"column":37}},"43":{"start":{"line":55,"column":28},"end":{"line":55,"column":53}},"44":{"start":{"line":56,"column":8},"end":{"line":56,"column":37}},"45":{"start":{"line":57,"column":8},"end":{"line":57,"column":49}},"46":{"start":{"line":58,"column":8},"end":{"line":58,"column":49}},"47":{"start":{"line":59,"column":8},"end":{"line":59,"column":49}},"48":{"start":{"line":60,"column":8},"end":{"line":60,"column":88}},"49":{"start":{"line":63,"column":0},"end":{"line":72,"column":3}},"50":{"start":{"line":64,"column":4},"end":{"line":71,"column":7}},"51":{"start":{"line":65,"column":32},"end":{"line":65,"column":75}},"52":{"start":{"line":66,"column":28},"end":{"line":66,"column":53}},"53":{"start":{"line":67,"column":8},"end":{"line":67,"column":37}},"54":{"start":{"line":68,"column":8},"end":{"line":68,"column":49}},"55":{"start":{"line":69,"column":8},"end":{"line":69,"column":49}},"56":{"start":{"line":70,"column":8},"end":{"line":70,"column":74}},"57":{"start":{"line":73,"column":0},"end":{"line":82,"column":3}},"58":{"start":{"line":74,"column":4},"end":{"line":81,"column":7}},"59":{"start":{"line":75,"column":32},"end":{"line":75,"column":75}},"60":{"start":{"line":76,"column":28},"end":{"line":76,"column":53}},"61":{"start":{"line":77,"column":8},"end":{"line":77,"column":37}},"62":{"start":{"line":78,"column":8},"end":{"line":78,"column":49}},"63":{"start":{"line":79,"column":8},"end":{"line":79,"column":81}},"64":{"start":{"line":80,"column":8},"end":{"line":80,"column":129}},"65":{"start":{"line":80,"column":62},"end":{"line":80,"column":92}},"66":{"start":{"line":83,"column":0},"end":{"line":90,"column":3}},"67":{"start":{"line":84,"column":4},"end":{"line":89,"column":7}},"68":{"start":{"line":85,"column":32},"end":{"line":85,"column":75}},"69":{"start":{"line":86,"column":28},"end":{"line":86,"column":53}},"70":{"start":{"line":87,"column":8},"end":{"line":87,"column":37}},"71":{"start":{"line":88,"column":8},"end":{"line":88,"column":81}},"72":{"start":{"line":91,"column":0},"end":{"line":100,"column":3}},"73":{"start":{"line":92,"column":4},"end":{"line":99,"column":7}},"74":{"start":{"line":93,"column":32},"end":{"line":93,"column":75}},"75":{"start":{"line":94,"column":28},"end":{"line":94,"column":53}},"76":{"start":{"line":95,"column":8},"end":{"line":95,"column":37}},"77":{"start":{"line":96,"column":8},"end":{"line":96,"column":49}},"78":{"start":{"line":97,"column":8},"end":{"line":97,"column":81}},"79":{"start":{"line":98,"column":8},"end":{"line":98,"column":117}},"80":{"start":{"line":98,"column":62},"end":{"line":98,"column":92}},"81":{"start":{"line":101,"column":0},"end":{"line":110,"column":3}},"82":{"start":{"line":102,"column":4},"end":{"line":109,"column":7}},"83":{"start":{"line":103,"column":32},"end":{"line":103,"column":75}},"84":{"start":{"line":104,"column":28},"end":{"line":104,"column":53}},"85":{"start":{"line":105,"column":8},"end":{"line":105,"column":37}},"86":{"start":{"line":106,"column":8},"end":{"line":106,"column":49}},"87":{"start":{"line":107,"column":8},"end":{"line":107,"column":84}},"88":{"start":{"line":108,"column":8},"end":{"line":108,"column":117}},"89":{"start":{"line":108,"column":62},"end":{"line":108,"column":92}},"90":{"start":{"line":111,"column":0},"end":{"line":120,"column":3}},"91":{"start":{"line":112,"column":4},"end":{"line":119,"column":7}},"92":{"start":{"line":113,"column":32},"end":{"line":113,"column":75}},"93":{"start":{"line":114,"column":28},"end":{"line":114,"column":53}},"94":{"start":{"line":115,"column":8},"end":{"line":115,"column":37}},"95":{"start":{"line":116,"column":8},"end":{"line":116,"column":49}},"96":{"start":{"line":117,"column":8},"end":{"line":117,"column":81}},"97":{"start":{"line":118,"column":8},"end":{"line":118,"column":120}},"98":{"start":{"line":118,"column":65},"end":{"line":118,"column":95}},"99":{"start":{"line":121,"column":0},"end":{"line":130,"column":3}},"100":{"start":{"line":122,"column":4},"end":{"line":129,"column":7}},"101":{"start":{"line":123,"column":32},"end":{"line":123,"column":75}},"102":{"start":{"line":124,"column":28},"end":{"line":124,"column":53}},"103":{"start":{"line":125,"column":8},"end":{"line":125,"column":37}},"104":{"start":{"line":126,"column":8},"end":{"line":126,"column":49}},"105":{"start":{"line":127,"column":8},"end":{"line":127,"column":83}},"106":{"start":{"line":128,"column":8},"end":{"line":128,"column":120}},"107":{"start":{"line":128,"column":65},"end":{"line":128,"column":95}},"108":{"start":{"line":131,"column":0},"end":{"line":140,"column":3}},"109":{"start":{"line":132,"column":4},"end":{"line":139,"column":7}},"110":{"start":{"line":133,"column":32},"end":{"line":133,"column":75}},"111":{"start":{"line":134,"column":28},"end":{"line":134,"column":53}},"112":{"start":{"line":135,"column":8},"end":{"line":135,"column":37}},"113":{"start":{"line":136,"column":8},"end":{"line":136,"column":49}},"114":{"start":{"line":137,"column":8},"end":{"line":137,"column":80}},"115":{"start":{"line":138,"column":8},"end":{"line":138,"column":120}},"116":{"start":{"line":138,"column":65},"end":{"line":138,"column":95}},"117":{"start":{"line":141,"column":0},"end":{"line":151,"column":3}},"118":{"start":{"line":142,"column":4},"end":{"line":150,"column":7}},"119":{"start":{"line":143,"column":32},"end":{"line":143,"column":75}},"120":{"start":{"line":144,"column":27},"end":{"line":144,"column":52}},"121":{"start":{"line":145,"column":8},"end":{"line":145,"column":36}},"122":{"start":{"line":146,"column":8},"end":{"line":146,"column":48}},"123":{"start":{"line":147,"column":8},"end":{"line":147,"column":48}},"124":{"start":{"line":148,"column":8},"end":{"line":148,"column":34}},"125":{"start":{"line":149,"column":8},"end":{"line":149,"column":50}},"126":{"start":{"line":152,"column":0},"end":{"line":161,"column":3}},"127":{"start":{"line":153,"column":4},"end":{"line":160,"column":7}},"128":{"start":{"line":154,"column":32},"end":{"line":154,"column":75}},"129":{"start":{"line":155,"column":27},"end":{"line":155,"column":52}},"130":{"start":{"line":156,"column":8},"end":{"line":156,"column":36}},"131":{"start":{"line":157,"column":8},"end":{"line":157,"column":48}},"132":{"start":{"line":158,"column":8},"end":{"line":158,"column":80}},"133":{"start":{"line":159,"column":8},"end":{"line":159,"column":71}},"134":{"start":{"line":162,"column":0},"end":{"line":171,"column":3}},"135":{"start":{"line":163,"column":4},"end":{"line":170,"column":7}},"136":{"start":{"line":164,"column":32},"end":{"line":164,"column":75}},"137":{"start":{"line":165,"column":27},"end":{"line":165,"column":52}},"138":{"start":{"line":166,"column":8},"end":{"line":166,"column":36}},"139":{"start":{"line":167,"column":8},"end":{"line":167,"column":48}},"140":{"start":{"line":168,"column":8},"end":{"line":168,"column":83}},"141":{"start":{"line":169,"column":8},"end":{"line":169,"column":71}},"142":{"start":{"line":172,"column":0},"end":{"line":181,"column":3}},"143":{"start":{"line":173,"column":4},"end":{"line":180,"column":7}},"144":{"start":{"line":174,"column":32},"end":{"line":174,"column":75}},"145":{"start":{"line":175,"column":27},"end":{"line":175,"column":52}},"146":{"start":{"line":176,"column":8},"end":{"line":176,"column":36}},"147":{"start":{"line":177,"column":8},"end":{"line":177,"column":48}},"148":{"start":{"line":178,"column":8},"end":{"line":178,"column":80}},"149":{"start":{"line":179,"column":8},"end":{"line":179,"column":72}},"150":{"start":{"line":182,"column":0},"end":{"line":191,"column":3}},"151":{"start":{"line":183,"column":4},"end":{"line":190,"column":7}},"152":{"start":{"line":184,"column":32},"end":{"line":184,"column":75}},"153":{"start":{"line":185,"column":27},"end":{"line":185,"column":52}},"154":{"start":{"line":186,"column":8},"end":{"line":186,"column":36}},"155":{"start":{"line":187,"column":8},"end":{"line":187,"column":48}},"156":{"start":{"line":188,"column":8},"end":{"line":188,"column":79}},"157":{"start":{"line":189,"column":8},"end":{"line":189,"column":72}},"158":{"start":{"line":192,"column":0},"end":{"line":201,"column":3}},"159":{"start":{"line":193,"column":4},"end":{"line":200,"column":7}},"160":{"start":{"line":194,"column":32},"end":{"line":194,"column":75}},"161":{"start":{"line":195,"column":27},"end":{"line":195,"column":52}},"162":{"start":{"line":196,"column":8},"end":{"line":196,"column":36}},"163":{"start":{"line":197,"column":8},"end":{"line":197,"column":48}},"164":{"start":{"line":198,"column":8},"end":{"line":198,"column":82}},"165":{"start":{"line":199,"column":8},"end":{"line":199,"column":72}},"166":{"start":{"line":202,"column":0},"end":{"line":207,"column":3}},"167":{"start":{"line":203,"column":4},"end":{"line":206,"column":7}},"168":{"start":{"line":204,"column":32},"end":{"line":204,"column":75}},"169":{"start":{"line":205,"column":8},"end":{"line":205,"column":72}}},"fnMap":{"0":{"name":"(anonymous_0)","decl":{"start":{"line":6,"column":38},"end":{"line":6,"column":39}},"loc":{"start":{"line":6,"column":44},"end":{"line":12,"column":1}},"line":6},"1":{"name":"(anonymous_1)","decl":{"start":{"line":7,"column":57},"end":{"line":7,"column":58}},"loc":{"start":{"line":7,"column":63},"end":{"line":11,"column":5}},"line":7},"2":{"name":"(anonymous_2)","decl":{"start":{"line":13,"column":38},"end":{"line":13,"column":39}},"loc":{"start":{"line":13,"column":44},"end":{"line":22,"column":1}},"line":13},"3":{"name":"(anonymous_3)","decl":{"start":{"line":14,"column":69},"end":{"line":14,"column":70}},"loc":{"start":{"line":14,"column":75},"end":{"line":21,"column":5}},"line":14},"4":{"name":"(anonymous_4)","decl":{"start":{"line":23,"column":39},"end":{"line":23,"column":40}},"loc":{"start":{"line":23,"column":45},"end":{"line":33,"column":1}},"line":23},"5":{"name":"(anonymous_5)","decl":{"start":{"line":24,"column":58},"end":{"line":24,"column":59}},"loc":{"start":{"line":24,"column":64},"end":{"line":32,"column":5}},"line":24},"6":{"name":"(anonymous_6)","decl":{"start":{"line":34,"column":51},"end":{"line":34,"column":52}},"loc":{"start":{"line":34,"column":57},"end":{"line":42,"column":1}},"line":34},"7":{"name":"(anonymous_7)","decl":{"start":{"line":35,"column":54},"end":{"line":35,"column":55}},"loc":{"start":{"line":35,"column":60},"end":{"line":41,"column":5}},"line":35},"8":{"name":"(anonymous_8)","decl":{"start":{"line":43,"column":51},"end":{"line":43,"column":52}},"loc":{"start":{"line":43,"column":57},"end":{"line":49,"column":1}},"line":43},"9":{"name":"(anonymous_9)","decl":{"start":{"line":44,"column":64},"end":{"line":44,"column":65}},"loc":{"start":{"line":44,"column":70},"end":{"line":48,"column":5}},"line":44},"10":{"name":"(anonymous_10)","decl":{"start":{"line":50,"column":51},"end":{"line":50,"column":52}},"loc":{"start":{"line":50,"column":57},"end":{"line":62,"column":1}},"line":50},"11":{"name":"(anonymous_11)","decl":{"start":{"line":51,"column":52},"end":{"line":51,"column":53}},"loc":{"start":{"line":51,"column":58},"end":{"line":61,"column":5}},"line":51},"12":{"name":"(anonymous_12)","decl":{"start":{"line":63,"column":51},"end":{"line":63,"column":52}},"loc":{"start":{"line":63,"column":57},"end":{"line":72,"column":1}},"line":63},"13":{"name":"(anonymous_13)","decl":{"start":{"line":64,"column":72},"end":{"line":64,"column":73}},"loc":{"start":{"line":64,"column":78},"end":{"line":71,"column":5}},"line":64},"14":{"name":"(anonymous_14)","decl":{"start":{"line":73,"column":42},"end":{"line":73,"column":43}},"loc":{"start":{"line":73,"column":48},"end":{"line":82,"column":1}},"line":73},"15":{"name":"(anonymous_15)","decl":{"start":{"line":74,"column":40},"end":{"line":74,"column":41}},"loc":{"start":{"line":74,"column":46},"end":{"line":81,"column":5}},"line":74},"16":{"name":"(anonymous_16)","decl":{"start":{"line":80,"column":57},"end":{"line":80,"column":58}},"loc":{"start":{"line":80,"column":62},"end":{"line":80,"column":92}},"line":80},"17":{"name":"(anonymous_17)","decl":{"start":{"line":83,"column":42},"end":{"line":83,"column":43}},"loc":{"start":{"line":83,"column":48},"end":{"line":90,"column":1}},"line":83},"18":{"name":"(anonymous_18)","decl":{"start":{"line":84,"column":72},"end":{"line":84,"column":73}},"loc":{"start":{"line":84,"column":78},"end":{"line":89,"column":5}},"line":84},"19":{"name":"(anonymous_19)","decl":{"start":{"line":91,"column":42},"end":{"line":91,"column":43}},"loc":{"start":{"line":91,"column":48},"end":{"line":100,"column":1}},"line":91},"20":{"name":"(anonymous_20)","decl":{"start":{"line":92,"column":58},"end":{"line":92,"column":59}},"loc":{"start":{"line":92,"column":64},"end":{"line":99,"column":5}},"line":92},"21":{"name":"(anonymous_21)","decl":{"start":{"line":98,"column":57},"end":{"line":98,"column":58}},"loc":{"start":{"line":98,"column":62},"end":{"line":98,"column":92}},"line":98},"22":{"name":"(anonymous_22)","decl":{"start":{"line":101,"column":42},"end":{"line":101,"column":43}},"loc":{"start":{"line":101,"column":48},"end":{"line":110,"column":1}},"line":101},"23":{"name":"(anonymous_23)","decl":{"start":{"line":102,"column":61},"end":{"line":102,"column":62}},"loc":{"start":{"line":102,"column":67},"end":{"line":109,"column":5}},"line":102},"24":{"name":"(anonymous_24)","decl":{"start":{"line":108,"column":57},"end":{"line":108,"column":58}},"loc":{"start":{"line":108,"column":62},"end":{"line":108,"column":92}},"line":108},"25":{"name":"(anonymous_25)","decl":{"start":{"line":111,"column":42},"end":{"line":111,"column":43}},"loc":{"start":{"line":111,"column":48},"end":{"line":120,"column":1}},"line":111},"26":{"name":"(anonymous_26)","decl":{"start":{"line":112,"column":54},"end":{"line":112,"column":55}},"loc":{"start":{"line":112,"column":60},"end":{"line":119,"column":5}},"line":112},"27":{"name":"(anonymous_27)","decl":{"start":{"line":118,"column":60},"end":{"line":118,"column":61}},"loc":{"start":{"line":118,"column":65},"end":{"line":118,"column":95}},"line":118},"28":{"name":"(anonymous_28)","decl":{"start":{"line":121,"column":42},"end":{"line":121,"column":43}},"loc":{"start":{"line":121,"column":48},"end":{"line":130,"column":1}},"line":121},"29":{"name":"(anonymous_29)","decl":{"start":{"line":122,"column":56},"end":{"line":122,"column":57}},"loc":{"start":{"line":122,"column":62},"end":{"line":129,"column":5}},"line":122},"30":{"name":"(anonymous_30)","decl":{"start":{"line":128,"column":60},"end":{"line":128,"column":61}},"loc":{"start":{"line":128,"column":65},"end":{"line":128,"column":95}},"line":128},"31":{"name":"(anonymous_31)","decl":{"start":{"line":131,"column":42},"end":{"line":131,"column":43}},"loc":{"start":{"line":131,"column":48},"end":{"line":140,"column":1}},"line":131},"32":{"name":"(anonymous_32)","decl":{"start":{"line":132,"column":53},"end":{"line":132,"column":54}},"loc":{"start":{"line":132,"column":59},"end":{"line":139,"column":5}},"line":132},"33":{"name":"(anonymous_33)","decl":{"start":{"line":138,"column":60},"end":{"line":138,"column":61}},"loc":{"start":{"line":138,"column":65},"end":{"line":138,"column":95}},"line":138},"34":{"name":"(anonymous_34)","decl":{"start":{"line":141,"column":36},"end":{"line":141,"column":37}},"loc":{"start":{"line":141,"column":42},"end":{"line":151,"column":1}},"line":141},"35":{"name":"(anonymous_35)","decl":{"start":{"line":142,"column":62},"end":{"line":142,"column":63}},"loc":{"start":{"line":142,"column":68},"end":{"line":150,"column":5}},"line":142},"36":{"name":"(anonymous_36)","decl":{"start":{"line":152,"column":53},"end":{"line":152,"column":54}},"loc":{"start":{"line":152,"column":59},"end":{"line":161,"column":1}},"line":152},"37":{"name":"(anonymous_37)","decl":{"start":{"line":153,"column":49},"end":{"line":153,"column":50}},"loc":{"start":{"line":153,"column":55},"end":{"line":160,"column":5}},"line":153},"38":{"name":"(anonymous_38)","decl":{"start":{"line":162,"column":53},"end":{"line":162,"column":54}},"loc":{"start":{"line":162,"column":59},"end":{"line":171,"column":1}},"line":162},"39":{"name":"(anonymous_39)","decl":{"start":{"line":163,"column":51},"end":{"line":163,"column":52}},"loc":{"start":{"line":163,"column":57},"end":{"line":170,"column":5}},"line":163},"40":{"name":"(anonymous_40)","decl":{"start":{"line":172,"column":53},"end":{"line":172,"column":54}},"loc":{"start":{"line":172,"column":59},"end":{"line":181,"column":1}},"line":172},"41":{"name":"(anonymous_41)","decl":{"start":{"line":173,"column":49},"end":{"line":173,"column":50}},"loc":{"start":{"line":173,"column":55},"end":{"line":180,"column":5}},"line":173},"42":{"name":"(anonymous_42)","decl":{"start":{"line":182,"column":53},"end":{"line":182,"column":54}},"loc":{"start":{"line":182,"column":59},"end":{"line":191,"column":1}},"line":182},"43":{"name":"(anonymous_43)","decl":{"start":{"line":183,"column":48},"end":{"line":183,"column":49}},"loc":{"start":{"line":183,"column":54},"end":{"line":190,"column":5}},"line":183},"44":{"name":"(anonymous_44)","decl":{"start":{"line":192,"column":53},"end":{"line":192,"column":54}},"loc":{"start":{"line":192,"column":59},"end":{"line":201,"column":1}},"line":192},"45":{"name":"(anonymous_45)","decl":{"start":{"line":193,"column":51},"end":{"line":193,"column":52}},"loc":{"start":{"line":193,"column":57},"end":{"line":200,"column":5}},"line":193},"46":{"name":"(anonymous_46)","decl":{"start":{"line":202,"column":53},"end":{"line":202,"column":54}},"loc":{"start":{"line":202,"column":59},"end":{"line":207,"column":1}},"line":202},"47":{"name":"(anonymous_47)","decl":{"start":{"line":203,"column":51},"end":{"line":203,"column":52}},"loc":{"start":{"line":203,"column":57},"end":{"line":206,"column":5}},"line":203}},"branchMap":{},"s":{"0":1,"1":1,"2":1,"3":1,"4":1,"5":1,"6":1,"7":1,"8":1,"9":1,"10":1,"11":1,"12":1,"13":1,"14":1,"15":1,"16":1,"17":1,"18":1,"19":1,"20":1,"21":1,"22":1,"23":1,"24":1,"25":1,"26":1,"27":1,"28":1,"29":1,"30":1,"31":1,"32":1,"33":1,"34":1,"35":1,"36":1,"37":1,"38":1,"39":1,"40":1,"41":1,"42":1,"43":1,"44":1,"45":1,"46":1,"47":1,"48":1,"49":1,"50":1,"51":1,"52":1,"53":1,"54":1,"55":1,"56":1,"57":1,"58":1,"59":1,"60":1,"61":1,"62":1,"63":1,"64":1,"65":1,"66":1,"67":1,"68":1,"69":1,"70":1,"71":1,"72":1,"73":1,"74":1,"75":1,"76":1,"77":1,"78":1,"79":1,"80":1,"81":1,"82":1,"83":1,"84":1,"85":1,"86":1,"87":1,"88":1,"89":1,"90":1,"91":1,"92":1,"93":1,"94":1,"95":1,"96":1,"97":1,"98":1,"99":1,"100":1,"101":1,"102":1,"103":1,"104":1,"105":1,"106":1,"107":1,"108":1,"109":1,"110":1,"111":1,"112":1,"113":1,"114":1,"115":1,"116":1,"117":1,"118":1,"119":1,"120":1,"121":1,"122":1,"123":1,"124":1,"125":1,"126":1,"127":1,"128":1,"129":1,"130":1,"131":1,"132":1,"133":1,"134":1,"135":1,"136":1,"137":1,"138":1,"139":1,"140":1,"141":1,"142":1,"143":1,"144":1,"145":1,"146":1,"147":1,"148":1,"149":1,"150":1,"151":1,"152":1,"153":1,"154":1,"155":1,"156":1,"157":1,"158":1,"159":1,"160":1,"161":1,"162":1,"163":1,"164":1,"165":1,"166":1,"167":1,"168":1,"169":1},"f":{"0":1,"1":1,"2":1,"3":1,"4":1,"5":1,"6":1,"7":1,"8":1,"9":1,"10":1,"11":1,"12":1,"13":1,"14":1,"15":1,"16":1,"17":1,"18":1,"19":1,"20":1,"21":1,"22":1,"23":1,"24":1,"25":1,"26":1,"27":1,"28":1,"29":1,"30":1,"31":1,"32":1,"33":1,"34":1,"35":1,"36":1,"37":1,"38":1,"39":1,"40":1,"41":1,"42":1,"43":1,"44":1,"45":1,"46":1,"47":1},"b":{},"_coverageSchema":"332fd63041d2c1bcb487cc26dd0d5f7d97098a6c","hash":"f6120b5adc38a41e30c2928890f57e292ffeb3fc","contentHash":"3e3e297822f1d78541ecfa37daf4b2d1_11.2.1"}}